/Users/martinnorgaard/Downloads/20M0157_MDD_COX1_COX2_BIDS/derivatives/freesurfer/sub-01/mri
/Applications/freesurfer/7.4.1/bin/talairach_avi
--i orig_nu.mgz --xfm transforms/talairach.auto.xfm
FreeSurferEnv.csh 7.4.1
Darwin Martins-Mac-Studio.local 24.4.0 Darwin Kernel Version 24.4.0: Wed Mar 19 21:16:34 PDT 2025; root:xnu-11417.101.15~1/RELEASE_ARM64_T6000 x86_64
Wed May 21 12:56:50 CEST 2025
mri_convert orig_nu.mgz talsrcimg.img 
reading from orig_nu.mgz...
TR=1000.00, TE=0.00, TI=0.00, flip angle=0.00
i_ras = (-1, -2.79397e-09, -1.86265e-09)
j_ras = (1.86265e-09, 0, -1)
k_ras = (0, 1, 0)
writing to talsrcimg.img...
Analyze Output Matrix
-1.00000   0.00000   0.00000   124.81339;
-0.00000   0.00000   1.00000  -112.68970;
-0.00000  -1.00000   0.00000   123.98055;
 0.00000   0.00000   0.00000   1.00000;
--------------------
INFO: set hdr.hist.orient to -1
mpr2mni305 talsrcimg
Wed May 21 12:56:52 CEST 2025
/Applications/freesurfer/7.4.1/bin/mpr2mni305 talsrcimg
mpr2mni305 7.4.1
target=711-2C_as_mni_average_305

---------------------------------------------------------------------
analyzeto4dfp talsrcimg -O0 -y
---------------------------------------------------------------------

freesurfer ifh2hdr.c
Wed May 21 12:56:52 2025
Writing: talsrcimg.4dfp.hdr
freesurfer analyzeto4dfp.c
Reading: talsrcimg.hdr
header size 348 bytes
hdr.dime.datatype	offset=70	value=2
hdr.dime.bitpix		offset=72	value=8
hdr.hist.orient		offset=252	value=-1
dimensionality     4
dimensions       256       256       256         1
Reading: talsrcimg.img
Writing: talsrcimg.4dfp.img
Writing: talsrcimg.4dfp.ifh
ifh2hdr talsrcimg -r0to255
ori=2

---------------------------------------------------------------------
gauss_4dfp talsrcimg 1.1
---------------------------------------------------------------------

freesurfer gauss_4dfp.c
Reading: talsrcimg.4dfp.img
Writing: talsrcimg_g11.4dfp.img
image dimensions 256 256 256 padded to 288 288 288
processing volume 1freesurfer ifh2hdr.c
Wed May 21 12:56:54 2025
Writing: talsrcimg_g11.4dfp.hdr

Writing: talsrcimg_g11.4dfp.ifh
including: talsrcimg.4dfp.img.rec in talsrcimg_g11.4dfp.img.rec

---------------------------------------------------------------------
imgreg_4dfp /Applications/freesurfer/7.4.1/average/711-2C_as_mni_average_305 none talsrcimg_g11 none talsrcimg_to_711-2C_as_mni_average_305_t4 4355
---------------------------------------------------------------------

freesurfer imgreg_4dfp.c
/Applications/freesurfer/7.4.1/average/711-2C_as_mni_average_305.4dfp.img
       256       256       256         1
  1.000000  1.000000  1.000000
orientation T byte_order littleendian
Reading image: /Applications/freesurfer/7.4.1/average/711-2C_as_mni_average_305.4dfp.img
dimensions:      256       256       256
mmppix:       1.0000   -1.0000   -1.0000
center:     128.0000 -129.0000 -129.0000
talsrcimg_g11.4dfp.img
       256       256       256         1
  1.000000  1.000000  1.000000
orientation T byte_order littleendian
Reading image: talsrcimg_g11.4dfp.img
dimensions:      256       256       256
mmppix:       1.0000   -1.0000   -1.0000
center:     128.0000 -129.0000 -129.0000
t4_read: open error in t4_sub.f l:  41 t4_file(1:l)talsrcimg_to_711-2C_as_mni_average_305_t4 
t4_read: transform initialized to I4
rotation matrix determinant  1.000000
image alignment mode   4355 decimal     1103 hex
   -7.5000  -45.0000  -45.0000 8514.4521    9.2342
    0.0000  -45.0000  -45.0000 8853.8027    9.2110
    7.5000  -45.0000  -45.0000 8565.5703    9.1935
   -7.5000  -37.5000  -45.0000 8967.6973    9.0681
    0.0000  -37.5000  -45.0000 9320.4502    9.0432
    7.5000  -37.5000  -45.0000 9026.1807    9.0204
   -7.5000  -30.0000  -45.0000 9660.9648    8.9426
    0.0000  -30.0000  -45.000010053.9072    8.9165
    7.5000  -30.0000  -45.0000 9718.3350    8.8933
   -7.5000  -22.5000  -45.000010270.6484    8.8473
    0.0000  -22.5000  -45.000010677.8887    8.8230
    7.5000  -22.5000  -45.000010295.6826    8.8040
   -7.5000  -15.0000  -45.000010874.7363    8.8204
    0.0000  -15.0000  -45.000011326.0439    8.7987
    7.5000  -15.0000  -45.000010897.2588    8.7852
   -7.5000   -7.5000  -45.000011414.2305    8.8174
    0.0000   -7.5000  -45.000011909.4590    8.7970
    7.5000   -7.5000  -45.000011415.9990    8.7846
   -7.5000    0.0000  -45.000011859.5537    8.8197
    0.0000    0.0000  -45.000012388.4814    8.7984
    7.5000    0.0000  -45.000011860.5352    8.7819
   -7.5000    7.5000  -45.000011385.1084    8.8239
    0.0000    7.5000  -45.000011898.9053    8.8001
    7.5000    7.5000  -45.000011403.7910    8.7786
   -7.5000   15.0000  -45.000010810.7461    8.8594
    0.0000   15.0000  -45.000011313.0762    8.8339
    7.5000   15.0000  -45.000010841.1797    8.8110
   -7.5000   22.5000  -45.000010290.7100    8.9860
    0.0000   22.5000  -45.000010781.4189    8.9616
    7.5000   22.5000  -45.000010316.8350    8.9422
   -7.5000   30.0000  -45.0000 9742.0674    9.0803
    0.0000   30.0000  -45.000010235.9990    9.0596
    7.5000   30.0000  -45.0000 9776.2500    9.0454
   -7.5000   37.5000  -45.0000 9532.3799    9.3388
    0.0000   37.5000  -45.000010024.6523    9.3194
    7.5000   37.5000  -45.0000 9564.5361    9.3077
   -7.5000   45.0000  -45.0000 8998.8037    9.3939
    0.0000   45.0000  -45.0000 9450.5635    9.3747
    7.5000   45.0000  -45.0000 9020.9932    9.3571
   -7.5000  -45.0000  -37.5000 8995.5205    9.2267
    0.0000  -45.0000  -37.5000 9363.4160    9.2053
    7.5000  -45.0000  -37.5000 9043.8271    9.1881
   -7.5000  -37.5000  -37.5000 9467.1045    9.0655
    0.0000  -37.5000  -37.5000 9865.4365    9.0431
    7.5000  -37.5000  -37.5000 9528.2832    9.0204
   -7.5000  -30.0000  -37.500010204.1074    8.9430
    0.0000  -30.0000  -37.500010630.6348    8.9202
    7.5000  -30.0000  -37.500010268.8838    8.8966
   -7.5000  -22.5000  -37.500010856.2705    8.8473
    0.0000  -22.5000  -37.500011326.9473    8.8263
    7.5000  -22.5000  -37.500010926.6689    8.8068
   -7.5000  -15.0000  -37.500011517.7070    8.8170
    0.0000  -15.0000  -37.500012005.6328    8.7980
    7.5000  -15.0000  -37.500011576.7676    8.7840
   -7.5000   -7.5000  -37.500012125.1367    8.8102
    0.0000   -7.5000  -37.500012643.3555    8.7920
    7.5000   -7.5000  -37.500012147.9375    8.7796
   -7.5000    0.0000  -37.500012612.6660    8.8126
    0.0000    0.0000  -37.500013167.1699    8.7932
    7.5000    0.0000  -37.500012618.2959    8.7771
   -7.5000    7.5000  -37.500012086.4951    8.8208
    0.0000    7.5000  -37.500012646.8076    8.7996
    7.5000    7.5000  -37.500012105.2178    8.7783
   -7.5000   15.0000  -37.500011491.6670    8.8599
    0.0000   15.0000  -37.500012024.2070    8.8377
    7.5000   15.0000  -37.500011510.0576    8.8144
   -7.5000   22.5000  -37.500010929.6279    8.9882
    0.0000   22.5000  -37.500011472.1055    8.9673
    7.5000   22.5000  -37.500010947.8037    8.9467
   -7.5000   30.0000  -37.500010326.8574    9.0800
    0.0000   30.0000  -37.500010887.6406    9.0624
    7.5000   30.0000  -37.500010368.7275    9.0473
   -7.5000   37.5000  -37.500010063.3936    9.3381
    0.0000   37.5000  -37.500010629.7959    9.3214
    7.5000   37.5000  -37.500010103.2393    9.3082
   -7.5000   45.0000  -37.5000 9469.1045    9.3919
    0.0000   45.0000  -37.5000 9994.3623    9.3765
    7.5000   45.0000  -37.5000 9523.2607    9.3579
   -7.5000  -45.0000  -30.0000 9656.5977    9.6236
    0.0000  -45.0000  -30.000010056.7754    9.6025
    7.5000  -45.0000  -30.0000 9710.6494    9.5840
   -7.5000  -37.5000  -30.000010165.9570    9.4584
    0.0000  -37.5000  -30.000010592.3633    9.4356
    7.5000  -37.5000  -30.000010238.9678    9.4112
   -7.5000  -30.0000  -30.000010965.1074    9.3319
    0.0000  -30.0000  -30.000011427.2832    9.3080
    7.5000  -30.0000  -30.000011036.6680    9.2823
   -7.5000  -22.5000  -30.000011678.8301    9.2322
    0.0000  -22.5000  -30.000012205.3623    9.2099
    7.5000  -22.5000  -30.000011768.6807    9.1884
   -7.5000  -15.0000  -30.000012384.9785    9.1990
    0.0000  -15.0000  -30.000012917.8730    9.1793
    7.5000  -15.0000  -30.000012466.2061    9.1640
   -7.5000   -7.5000  -30.000013044.4912    9.1899
    0.0000   -7.5000  -30.000013597.2656    9.1719
    7.5000   -7.5000  -30.000013086.2676    9.1585
   -7.5000    0.0000  -30.000013567.8311    9.1922
    0.0000    0.0000  -30.000014165.1494    9.1733
    7.5000    0.0000  -30.000013586.6230    9.1560
   -7.5000    7.5000  -30.000012997.0537    9.2024
    0.0000    7.5000  -30.000013598.7207    9.1809
    7.5000    7.5000  -30.000013041.4951    9.1580
   -7.5000   15.0000  -30.000012360.9658    9.2455
    0.0000   15.0000  -30.000012960.9297    9.2223
    7.5000   15.0000  -30.000012399.6484    9.1970
   -7.5000   22.5000  -30.000011714.2314    9.3797
    0.0000   22.5000  -30.000012362.7490    9.3581
    7.5000   22.5000  -30.000011779.6533    9.3356
   -7.5000   30.0000  -30.000011084.3799    9.4769
    0.0000   30.0000  -30.000011737.0596    9.4597
    7.5000   30.0000  -30.000011132.1484    9.4429
   -7.5000   37.5000  -30.000010797.6211    9.7466
    0.0000   37.5000  -30.000011436.8457    9.7322
    7.5000   37.5000  -30.000010830.1201    9.7174
   -7.5000   45.0000  -30.000010090.9326    9.8085
    0.0000   45.0000  -30.000010696.5254    9.7954
    7.5000   45.0000  -30.000010153.8311    9.7746
   -7.5000  -45.0000  -22.500010326.6484    9.9620
    0.0000  -45.0000  -22.500010752.2285    9.9397
    7.5000  -45.0000  -22.500010399.0244    9.9199
   -7.5000  -37.5000  -22.500010876.7754    9.7880
    0.0000  -37.5000  -22.500011321.5215    9.7626
    7.5000  -37.5000  -22.500010953.8574    9.7366
   -7.5000  -30.0000  -22.500011713.3740    9.6553
    0.0000  -30.0000  -22.500012228.9053    9.6272
    7.5000  -30.0000  -22.500011805.6064    9.5999
   -7.5000  -22.5000  -22.500012483.9346    9.5535
    0.0000  -22.5000  -22.500013037.2969    9.5265
    7.5000  -22.5000  -22.500012573.4883    9.5037
   -7.5000  -15.0000  -22.500013251.4629    9.5218
    0.0000  -15.0000  -22.500013815.9668    9.4988
    7.5000  -15.0000  -22.500013308.1309    9.4828
   -7.5000   -7.5000  -22.500013968.3008    9.5144
    0.0000   -7.5000  -22.500014577.8691    9.4949
    7.5000   -7.5000  -22.500014019.5586    9.4808
   -7.5000    0.0000  -22.500014519.7373    9.5159
    0.0000    0.0000  -22.500015172.6934    9.4961
    7.5000    0.0000  -22.500014575.4893    9.4775
   -7.5000    7.5000  -22.500013921.5537    9.5231
    0.0000    7.5000  -22.500014558.2588    9.4993
    7.5000    7.5000  -22.500013992.2832    9.4748
   -7.5000   15.0000  -22.500013207.3066    9.5662
    0.0000   15.0000  -22.500013862.1982    9.5389
    7.5000   15.0000  -22.500013295.4678    9.5120
   -7.5000   22.5000  -22.500012483.7422    9.7040
    0.0000   22.5000  -22.500013157.2510    9.6784
    7.5000   22.5000  -22.500012558.2969    9.6550
   -7.5000   30.0000  -22.500011794.3701    9.8091
    0.0000   30.0000  -22.500012493.3525    9.7891
    7.5000   30.0000  -22.500011837.3652    9.7718
   -7.5000   37.5000  -22.500011491.7871   10.0888
    0.0000   37.5000  -22.500012180.0557   10.0740
    7.5000   37.5000  -22.500011529.7930   10.0594
   -7.5000   45.0000  -22.500010739.1191   10.1589
    0.0000   45.0000  -22.500011388.0303   10.1445
    7.5000   45.0000  -22.500010795.3516   10.1226
   -7.5000  -45.0000  -15.000010979.9150   10.1992
    0.0000  -45.0000  -15.000011443.8350   10.1753
    7.5000  -45.0000  -15.000011061.7764   10.1547
   -7.5000  -37.5000  -15.000011573.0859   10.0158
    0.0000  -37.5000  -15.000012050.6729    9.9877
    7.5000  -37.5000  -15.000011664.3613    9.9609
   -7.5000  -30.0000  -15.000012473.4219    9.8773
    0.0000  -30.0000  -15.000013013.2988    9.8452
    7.5000  -30.0000  -15.000012573.3389    9.8174
   -7.5000  -22.5000  -15.000013325.0742    9.7740
    0.0000  -22.5000  -15.000013895.6094    9.7430
    7.5000  -22.5000  -15.000013402.0879    9.7202
   -7.5000  -15.0000  -15.000014152.3428    9.7454
    0.0000  -15.0000  -15.000014750.5801    9.7194
    7.5000  -15.0000  -15.000014183.0898    9.7035
   -7.5000   -7.5000  -15.000014882.4609    9.7417
    0.0000   -7.5000  -15.000015520.8057    9.7202
    7.5000   -7.5000  -15.000014917.6396    9.7057
   -7.5000    0.0000  -15.000015480.3730    9.7426
    0.0000    0.0000  -15.000016167.5186    9.7213
    7.5000    0.0000  -15.000015496.1309    9.7017
   -7.5000    7.5000  -15.000014859.3438    9.7455
    0.0000    7.5000  -15.000015537.0596    9.7190
    7.5000    7.5000  -15.000014917.8438    9.6936
   -7.5000   15.0000  -15.000014092.6689    9.7860
    0.0000   15.0000  -15.000014804.3252    9.7547
    7.5000   15.0000  -15.000014179.6289    9.7273
   -7.5000   22.5000  -15.000013290.8955    9.9248
    0.0000   22.5000  -15.000013960.1504    9.8952
    7.5000   22.5000  -15.000013301.9102    9.8723
   -7.5000   30.0000  -15.000012525.8965   10.0369
    0.0000   30.0000  -15.000013179.5801   10.0135
    7.5000   30.0000  -15.000012500.9355    9.9969
   -7.5000   37.5000  -15.000012177.9014   10.3230
    0.0000   37.5000  -15.000012820.4658   10.3060
    7.5000   37.5000  -15.000012161.9150   10.2928
   -7.5000   45.0000  -15.000011376.9092   10.4001
    0.0000   45.0000  -15.000011999.6572   10.3823
    7.5000   45.0000  -15.000011379.9893   10.3609
   -7.5000  -45.0000   -7.500011591.5898   10.3085
    0.0000  -45.0000   -7.500012091.8496   10.2828
    7.5000  -45.0000   -7.500011697.9482   10.2625
   -7.5000  -37.5000   -7.500012236.6592   10.1208
    0.0000  -37.5000   -7.500012773.1953   10.0915
    7.5000  -37.5000   -7.500012361.8311   10.0653
   -7.5000  -30.0000   -7.500013231.4854    9.9793
    0.0000  -30.0000   -7.500013810.3574    9.9470
    7.5000  -30.0000   -7.500013356.0635    9.9204
   -7.5000  -22.5000   -7.500014137.3135    9.8744
    0.0000  -22.5000   -7.500014728.5732    9.8437
    7.5000  -22.5000   -7.500014212.5742    9.8220
   -7.5000  -15.0000   -7.500015004.3164    9.8469
    0.0000  -15.0000   -7.500015615.9521    9.8204
    7.5000  -15.0000   -7.500015041.5898    9.8053
   -7.5000   -7.5000   -7.500015750.1455    9.8451
    0.0000   -7.5000   -7.500016388.2539    9.8221
    7.5000   -7.5000   -7.500015766.8223    9.8079
   -7.5000    0.0000   -7.500016387.3418    9.8467
    0.0000    0.0000   -7.500017028.4395    9.8233
    7.5000    0.0000   -7.500016346.3975    9.8039
   -7.5000    7.5000   -7.500015818.7773    9.8483
    0.0000    7.5000   -7.500016490.0137    9.8206
    7.5000    7.5000   -7.500015815.5186    9.7957
   -7.5000   15.0000   -7.500015051.9287    9.8867
    0.0000   15.0000   -7.500015818.1602    9.8552
    7.5000   15.0000   -7.500015108.8105    9.8289
   -7.5000   22.5000   -7.500014191.7471   10.0246
    0.0000   22.5000   -7.500014854.9424    9.9945
    7.5000   22.5000   -7.500014150.4863    9.9729
   -7.5000   30.0000   -7.500013369.9961   10.1388
    0.0000   30.0000   -7.500013930.2910   10.1143
    7.5000   30.0000   -7.500013247.6943   10.0987
   -7.5000   37.5000   -7.500012966.9893   10.4276
    0.0000   37.5000   -7.500013495.9199   10.4073
    7.5000   37.5000   -7.500012847.7334   10.3950
   -7.5000   45.0000   -7.500012058.5527   10.5085
    0.0000   45.0000   -7.500012580.3613   10.4874
    7.5000   45.0000   -7.500011987.0342   10.4673
   -7.5000  -45.0000    0.000012085.1035   10.3209
    0.0000  -45.0000    0.000012594.0889   10.2951
    7.5000  -45.0000    0.000012240.9854   10.2757
   -7.5000  -37.5000    0.000012772.3281   10.1351
    0.0000  -37.5000    0.000013318.2041   10.1075
    7.5000  -37.5000    0.000012956.5029   10.0822
   -7.5000  -30.0000    0.000013820.5479    9.9950
    0.0000  -30.0000    0.000014435.6211    9.9662
    7.5000  -30.0000    0.000014016.1816    9.9403
   -7.5000  -22.5000    0.000014784.8428    9.8888
    0.0000  -22.5000    0.000015396.6006    9.8619
    7.5000  -22.5000    0.000014922.8945    9.8407
   -7.5000  -15.0000    0.000015678.3838    9.8590
    0.0000  -15.0000    0.000016295.6592    9.8349
    7.5000  -15.0000    0.000015753.0898    9.8199
   -7.5000   -7.5000    0.000016399.8164    9.8556
    0.0000   -7.5000    0.000017027.7207    9.8330
    7.5000   -7.5000    0.000016429.5938    9.8191
   -7.5000    0.0000    0.000016992.1934    9.8579
    0.0000    0.0000    0.000017558.2852    9.8344
    7.5000    0.0000    0.000016944.3359    9.8159
   -7.5000    7.5000    0.000016496.8086    9.8624
    0.0000    7.5000    0.000017182.2324    9.8361
    7.5000    7.5000    0.000016492.5508    9.8122
   -7.5000   15.0000    0.000015920.0967    9.9021
    0.0000   15.0000    0.000016779.0312    9.8739
    7.5000   15.0000    0.000015969.2861    9.8484
   -7.5000   22.5000    0.000015073.1689   10.0404
    0.0000   22.5000    0.000015752.8037   10.0134
    7.5000   22.5000    0.000015007.6104    9.9918
   -7.5000   30.0000    0.000014216.4502   10.1528
    0.0000   30.0000    0.000014701.7637   10.1300
    7.5000   30.0000    0.000014041.8330   10.1141
   -7.5000   37.5000    0.000013752.5615   10.4416
    0.0000   37.5000    0.000014176.7344   10.4200
    7.5000   37.5000    0.000013576.4111   10.4070
   -7.5000   45.0000    0.000012704.2471   10.5231
    0.0000   45.0000    0.000013154.5469   10.5018
    7.5000   45.0000    0.000012611.4385   10.4823
   -7.5000  -45.0000    7.500011731.3711   10.3229
    0.0000  -45.0000    7.500012211.7520   10.2990
    7.5000  -45.0000    7.500011848.7324   10.2798
   -7.5000  -37.5000    7.500012401.7754   10.1425
    0.0000  -37.5000    7.500012915.9912   10.1176
    7.5000  -37.5000    7.500012558.7471   10.0922
   -7.5000  -30.0000    7.500013368.8926   10.0055
    0.0000  -30.0000    7.500013958.4072    9.9801
    7.5000  -30.0000    7.500013579.8750    9.9536
   -7.5000  -22.5000    7.500014264.9473    9.8985
    0.0000  -22.5000    7.500014874.7480    9.8750
    7.5000  -22.5000    7.500014461.2773    9.8531
   -7.5000  -15.0000    7.500015087.2588    9.8645
    0.0000  -15.0000    7.500015702.5557    9.8433
    7.5000  -15.0000    7.500015254.1660    9.8276
   -7.5000   -7.5000    7.500015759.7529    9.8570
    0.0000   -7.5000    7.500016371.9668    9.8365
    7.5000   -7.5000    7.500015873.2646    9.8227
   -7.5000    0.0000    7.500016321.0352    9.8596
    0.0000    0.0000    7.500016836.5742    9.8380
    7.5000    0.0000    7.500016343.7754    9.8200
   -7.5000    7.5000    7.500015849.0420    9.8689
    0.0000    7.5000    7.500016438.1074    9.8451
    7.5000    7.5000    7.500015877.1602    9.8213
   -7.5000   15.0000    7.500015290.8545    9.9126
    0.0000   15.0000    7.500016013.9385    9.8877
    7.5000   15.0000    7.500015384.4326    9.8616
   -7.5000   22.5000    7.500014567.3428   10.0528
    0.0000   22.5000    7.500015141.5850   10.0294
    7.5000   22.5000    7.500014595.2383   10.0064
   -7.5000   30.0000    7.500013809.6279   10.1626
    0.0000   30.0000    7.500014255.0645   10.1430
    7.5000   30.0000    7.500013712.8828   10.1260
   -7.5000   37.5000    7.500013367.7568   10.4514
    0.0000   37.5000    7.500013814.4639   10.4327
    7.5000   37.5000    7.500013256.6582   10.4180
   -7.5000   45.0000    7.500012326.9902   10.5323
    0.0000   45.0000    7.500012815.5674   10.5150
    7.5000   45.0000    7.500012291.2451   10.4942
   -7.5000  -45.0000   15.000011305.5312   10.3337
    0.0000  -45.0000   15.000011736.8369   10.3109
    7.5000  -45.0000   15.000011352.5781   10.2911
   -7.5000  -37.5000   15.000011907.6846   10.1563
    0.0000  -37.5000   15.000012396.3008   10.1318
    7.5000  -37.5000   15.000011998.0332   10.1055
   -7.5000  -30.0000   15.000012803.9365   10.0203
    0.0000  -30.0000   15.000013370.2285    9.9948
    7.5000  -30.0000   15.000012957.2256    9.9672
   -7.5000  -22.5000   15.000013640.2158    9.9133
    0.0000  -22.5000   15.000014233.7402    9.8893
    7.5000  -22.5000   15.000013828.2109    9.8663
   -7.5000  -15.0000   15.000014418.6680    9.8777
    0.0000  -15.0000   15.000015004.1064    9.8565
    7.5000  -15.0000   15.000014601.9570    9.8401
   -7.5000   -7.5000   15.000015098.8467    9.8679
    0.0000   -7.5000   15.000015646.6543    9.8485
    7.5000   -7.5000   15.000015225.0547    9.8342
   -7.5000    0.0000   15.000015670.4609    9.8704
    0.0000    0.0000   15.000016190.3916    9.8500
    7.5000    0.0000   15.000015733.8242    9.8315
   -7.5000    7.5000   15.000015125.2051    9.8814
    0.0000    7.5000   15.000015712.9805    9.8583
    7.5000    7.5000   15.000015219.5898    9.8337
   -7.5000   15.0000   15.000014409.3115    9.9276
    0.0000   15.0000   15.000015045.6748    9.9027
    7.5000   15.0000   15.000014558.0547    9.8755
   -7.5000   22.5000   15.000013658.7637   10.0694
    0.0000   22.5000   15.000014304.1836   10.0463
    7.5000   22.5000   15.000013797.7090   10.0221
   -7.5000   30.0000   15.000012957.7803   10.1790
    0.0000   30.0000   15.000013626.4199   10.1606
    7.5000   30.0000   15.000013059.0225   10.1426
   -7.5000   37.5000   15.000012575.8418   10.4688
    0.0000   37.5000   15.000013274.2695   10.4532
    7.5000   37.5000   15.000012629.5117   10.4373
   -7.5000   45.0000   15.000011619.1494   10.5491
    0.0000   45.0000   15.000012309.6826   10.5350
    7.5000   45.0000   15.000011706.0605   10.5126
   -7.5000  -45.0000   22.500010837.0469   10.3473
    0.0000  -45.0000   22.500011233.0195   10.3239
    7.5000  -45.0000   22.500010837.5830   10.3033
   -7.5000  -37.5000   22.500011390.4170   10.1665
    0.0000  -37.5000   22.500011822.4092   10.1399
    7.5000  -37.5000   22.500011413.4482   10.1128
   -7.5000  -30.0000   22.500012198.8281   10.0286
    0.0000  -30.0000   22.500012719.2891    9.9992
    7.5000  -30.0000   22.500012303.8252    9.9707
   -7.5000  -22.5000   22.500012955.7695    9.9227
    0.0000  -22.5000   22.500013531.5605    9.8944
    7.5000  -22.5000   22.500013114.3506    9.8707
   -7.5000  -15.0000   22.500013662.9463    9.8896
    0.0000  -15.0000   22.500014271.9043    9.8655
    7.5000  -15.0000   22.500013825.4775    9.8489
   -7.5000   -7.5000   22.500014288.8516    9.8820
    0.0000   -7.5000   22.500014930.4561    9.8616
    7.5000   -7.5000   22.500014442.5225    9.8469
   -7.5000    0.0000   22.500014804.1641    9.8837
    0.0000    0.0000   22.500015474.4277    9.8629
    7.5000    0.0000   22.500014949.1670    9.8435
   -7.5000    7.5000   22.500014201.3066    9.8912
    0.0000    7.5000   22.500014903.7852    9.8663
    7.5000    7.5000   22.500014383.9629    9.8407
   -7.5000   15.0000   22.500013478.1064    9.9360
    0.0000   15.0000   22.500014142.3467    9.9074
    7.5000   15.0000   22.500013670.9629    9.8794
   -7.5000   22.5000   22.500012701.8457   10.0775
    0.0000   22.5000   22.500013326.9180   10.0507
    7.5000   22.5000   22.500012877.5957   10.0264
   -7.5000   30.0000   22.500011967.5840   10.1897
    0.0000   30.0000   22.500012554.3643   10.1687
    7.5000   30.0000   22.500012110.4902   10.1507
   -7.5000   37.5000   22.500011619.7334   10.4804
    0.0000   37.5000   22.500012171.2881   10.4649
    7.5000   37.5000   22.500011713.1387   10.4497
   -7.5000   45.0000   22.500010802.7002   10.5612
    0.0000   45.0000   22.500011321.5508   10.5460
    7.5000   45.0000   22.500010892.0859   10.5231
   -7.5000  -45.0000   30.000010135.2227   10.3715
    0.0000  -45.0000   30.000010607.3779   10.3468
    7.5000  -45.0000   30.000010199.6455   10.3256
   -7.5000  -37.5000   30.000010614.1631   10.1846
    0.0000  -37.5000   30.000011120.0205   10.1556
    7.5000  -37.5000   30.000010702.2568   10.1279
   -7.5000  -30.0000   30.000011348.7617   10.0436
    0.0000  -30.0000   30.000011922.8486   10.0104
    7.5000  -30.0000   30.000011502.8438    9.9817
   -7.5000  -22.5000   30.000012053.7852    9.9384
    0.0000  -22.5000   30.000012653.9482    9.9064
    7.5000  -22.5000   30.000012228.0791    9.8827
   -7.5000  -15.0000   30.000012713.1895    9.9091
    0.0000  -15.0000   30.000013358.2393    9.8822
    7.5000  -15.0000   30.000012889.8936    9.8657
   -7.5000   -7.5000   30.000013315.8740    9.9050
    0.0000   -7.5000   30.000013975.2432    9.8829
    7.5000   -7.5000   30.000013463.7617    9.8678
   -7.5000    0.0000   30.000013768.5234    9.9059
    0.0000    0.0000   30.000014413.5996    9.8838
    7.5000    0.0000   30.000013903.8301    9.8636
   -7.5000    7.5000   30.000013155.8457    9.9089
    0.0000    7.5000   30.000013753.2119    9.8816
    7.5000    7.5000   30.000013288.7314    9.8553
   -7.5000   15.0000   30.000012451.0820    9.9505
    0.0000   15.0000   30.000012997.8965    9.9182
    7.5000   15.0000   30.000012593.3369    9.8899
   -7.5000   22.5000   30.000011744.0361   10.0912
    0.0000   22.5000   30.000012221.2656   10.0605
    7.5000   22.5000   30.000011847.3018   10.0367
   -7.5000   30.0000   30.000011029.2266   10.2066
    0.0000   30.0000   30.000011482.9805   10.1825
    7.5000   30.0000   30.000011116.7627   10.1652
   -7.5000   37.5000   30.000010684.0557   10.4982
    0.0000   37.5000   30.000011110.5010   10.4805
    7.5000   37.5000   30.000010744.9141   10.4667
   -7.5000   45.0000   30.0000 9981.7520   10.5802
    0.0000   45.0000   30.000010375.4912   10.5617
    7.5000   45.0000   30.000010024.8682   10.5396
   -7.5000  -45.0000   37.5000 9772.6494   10.4712
    0.0000  -45.0000   37.500010233.3818   10.4445
    7.5000  -45.0000   37.5000 9857.2139   10.4233
   -7.5000  -37.5000   37.500010191.0889   10.2795
    0.0000  -37.5000   37.500010679.8330   10.2491
    7.5000  -37.5000   37.500010309.2383   10.2218
   -7.5000  -30.0000   37.500010908.9219   10.1356
    0.0000  -30.0000   37.500011442.6895   10.1020
    7.5000  -30.0000   37.500011067.2549   10.0742
   -7.5000  -22.5000   37.500011585.1758   10.0280
    0.0000  -22.5000   37.500012157.9336    9.9960
    7.5000  -22.5000   37.500011766.4658    9.9734
   -7.5000  -15.0000   37.500012217.3867    9.9985
    0.0000  -15.0000   37.500012817.2705    9.9710
    7.5000  -15.0000   37.500012383.3691    9.9551
   -7.5000   -7.5000   37.500012775.2295    9.9949
    0.0000   -7.5000   37.500013369.0430    9.9710
    7.5000   -7.5000   37.500012920.5537    9.9561
   -7.5000    0.0000   37.500013189.1602    9.9961
    0.0000    0.0000   37.500013774.3955    9.9718
    7.5000    0.0000   37.500013327.3223    9.9517
   -7.5000    7.5000   37.500012591.8613    9.9993
    0.0000    7.5000   37.500013143.3965    9.9704
    7.5000    7.5000   37.500012728.0176    9.9445
   -7.5000   15.0000   37.500011912.4268   10.0404
    0.0000   15.0000   37.500012409.8047   10.0076
    7.5000   15.0000   37.500012034.5215    9.9802
   -7.5000   22.5000   37.500011244.0479   10.1827
    0.0000   22.5000   37.500011702.1504   10.1513
    7.5000   22.5000   37.500011330.5068   10.1288
   -7.5000   30.0000   37.500010557.4824   10.2955
    0.0000   30.0000   37.500010991.6396   10.2699
    7.5000   30.0000   37.500010613.1689   10.2536
   -7.5000   37.5000   37.500010226.2861   10.5885
    0.0000   37.5000   37.500010649.2568   10.5673
    7.5000   37.5000   37.500010269.5342   10.5543
   -7.5000   45.0000   37.5000 9562.3936   10.6750
    0.0000   45.0000   37.5000 9959.8301   10.6530
    7.5000   45.0000   37.5000 9593.3125   10.6320
   -7.5000  -45.0000   45.0000 8962.1006   10.6132
    0.0000  -45.0000   45.0000 9384.7588   10.5863
    7.5000  -45.0000   45.0000 9051.8115   10.5651
   -7.5000  -37.5000   45.0000 9332.8232   10.4150
    0.0000  -37.5000   45.0000 9777.1240   10.3862
    7.5000  -37.5000   45.0000 9452.1172   10.3593
   -7.5000  -30.0000   45.0000 9994.5830   10.2677
    0.0000  -30.0000   45.000010470.0449   10.2377
    7.5000  -30.0000   45.000010131.3398   10.2104
   -7.5000  -22.5000   45.000010620.1982   10.1582
    0.0000  -22.5000   45.000011130.8320   10.1300
    7.5000  -22.5000   45.000010754.5352   10.1076
   -7.5000  -15.0000   45.000011208.4316   10.1283
    0.0000  -15.0000   45.000011753.0420   10.1032
    7.5000  -15.0000   45.000011334.0732   10.0870
   -7.5000   -7.5000   45.000011698.8682   10.1230
    0.0000   -7.5000   45.000012245.8311   10.0994
    7.5000   -7.5000   45.000011825.4473   10.0842
   -7.5000    0.0000   45.000012055.5244   10.1221
    0.0000    0.0000   45.000012610.0859   10.0976
    7.5000    0.0000   45.000012199.3555   10.0776
   -7.5000    7.5000   45.000011542.8213   10.1256
    0.0000    7.5000   45.000012048.5332   10.0982
    7.5000    7.5000   45.000011668.2969   10.0728
   -7.5000   15.0000   45.000010918.6660   10.1692
    0.0000   15.0000   45.000011398.8867   10.1398
    7.5000   15.0000   45.000011031.7471   10.1129
   -7.5000   22.5000   45.000010291.7041   10.3194
    0.0000   22.5000   45.000010746.1338   10.2912
    7.5000   22.5000   45.000010379.7266   10.2682
   -7.5000   30.0000   45.0000 9658.5234   10.4243
    0.0000   30.0000   45.000010082.0342   10.4004
    7.5000   30.0000   45.0000 9721.1201   10.3834
   -7.5000   37.5000   45.0000 9352.0605   10.7136
    0.0000   37.5000   45.0000 9762.0176   10.6911
    7.5000   37.5000   45.0000 9393.5420   10.6768
   -7.5000   45.0000   45.0000 8745.8994   10.8029
    0.0000   45.0000   45.0000 9145.1973   10.7808
    7.5000   45.0000   45.0000 8774.5215   10.7597

---------------------------------------------------------------------
imgreg_4dfp /Applications/freesurfer/7.4.1/average/711-2C_as_mni_average_305 /Applications/freesurfer/7.4.1/average/711-2B_as_mni_average_305_mask talsrcimg_g11 none talsrcimg_to_711-2C_as_mni_average_305_t4 4355
---------------------------------------------------------------------

freesurfer imgreg_4dfp.c
/Applications/freesurfer/7.4.1/average/711-2C_as_mni_average_305.4dfp.img
       256       256       256         1
  1.000000  1.000000  1.000000
orientation T byte_order littleendian
Reading image: /Applications/freesurfer/7.4.1/average/711-2C_as_mni_average_305.4dfp.img
dimensions:      256       256       256
mmppix:       1.0000   -1.0000   -1.0000
center:     128.0000 -129.0000 -129.0000
/Applications/freesurfer/7.4.1/average/711-2B_as_mni_average_305_mask.4dfp.img
       256       256       256         1
  1.000000  1.000000  1.000000
orientation T byte_order littleendian
Reading mask: /Applications/freesurfer/7.4.1/average/711-2B_as_mni_average_305_mask.4dfp.img (2306576 pixels)
talsrcimg_g11.4dfp.img
       256       256       256         1
  1.000000  1.000000  1.000000
orientation T byte_order littleendian
Reading image: talsrcimg_g11.4dfp.img
dimensions:      256       256       256
mmppix:       1.0000   -1.0000   -1.0000
center:     128.0000 -129.0000 -129.0000
rotation matrix determinant  1.000000
image alignment mode   4355 decimal     1103 hex
   -7.5000  -45.0000  -45.0000 2196.2898   13.3255
    0.0000  -45.0000  -45.0000 2221.6316   13.1229
    7.5000  -45.0000  -45.0000 2217.8135   13.2247
   -7.5000  -37.5000  -45.0000 2194.2463   12.9896
    0.0000  -37.5000  -45.0000 2216.2661   12.8563
    7.5000  -37.5000  -45.0000 2216.3745   12.9017
   -7.5000  -30.0000  -45.0000 2195.9343   12.7196
    0.0000  -30.0000  -45.0000 2216.7471   12.5564
    7.5000  -30.0000  -45.0000 2217.1841   12.6004
   -7.5000  -22.5000  -45.0000 2211.0210   12.4677
    0.0000  -22.5000  -45.0000 2228.6191   12.3080
    7.5000  -22.5000  -45.0000 2226.3884   12.3400
   -7.5000  -15.0000  -45.0000 2231.2856   12.2239
    0.0000  -15.0000  -45.0000 2257.3774   12.0718
    7.5000  -15.0000  -45.0000 2252.1077   12.0934
   -7.5000   -7.5000  -45.0000 2259.9707   12.0093
    0.0000   -7.5000  -45.0000 2288.2114   11.8653
    7.5000   -7.5000  -45.0000 2282.9460   11.9041
   -7.5000    0.0000  -45.0000 2284.2217   11.8056
    0.0000    0.0000  -45.0000 2312.0442   11.6803
    7.5000    0.0000  -45.0000 2303.7817   11.6864
   -7.5000    7.5000  -45.0000 2296.8538   11.6464
    0.0000    7.5000  -45.0000 2323.5442   11.5425
    7.5000    7.5000  -45.0000 2318.3501   11.5180
   -7.5000   15.0000  -45.0000 2300.4976   11.5434
    0.0000   15.0000  -45.0000 2325.2913   11.4344
    7.5000   15.0000  -45.0000 2318.2791   11.3924
   -7.5000   22.5000  -45.0000 2300.7109   11.5523
    0.0000   22.5000  -45.0000 2327.3250   11.4414
    7.5000   22.5000  -45.0000 2312.9160   11.4242
   -7.5000   30.0000  -45.0000 2280.8640   11.6850
    0.0000   30.0000  -45.0000 2308.2014   11.5647
    7.5000   30.0000  -45.0000 2295.1721   11.5721
   -7.5000   37.5000  -45.0000 2255.0850   12.0103
    0.0000   37.5000  -45.0000 2284.3689   11.8575
    7.5000   37.5000  -45.0000 2269.4250   11.8602
   -7.5000   45.0000  -45.0000 2221.5337   12.4540
    0.0000   45.0000  -45.0000 2249.9482   12.2617
    7.5000   45.0000  -45.0000 2236.2925   12.2612
   -7.5000  -45.0000  -37.5000 2288.5940   12.2411
    0.0000  -45.0000  -37.5000 2316.7771   12.1059
    7.5000  -45.0000  -37.5000 2311.3223   12.2017
   -7.5000  -37.5000  -37.5000 2283.4609   11.9368
    0.0000  -37.5000  -37.5000 2307.2041   11.7909
    7.5000  -37.5000  -37.5000 2305.7410   11.8501
   -7.5000  -30.0000  -37.5000 2286.9255   11.6894
    0.0000  -30.0000  -37.5000 2310.3406   11.5477
    7.5000  -30.0000  -37.5000 2313.2141   11.5558
   -7.5000  -22.5000  -37.5000 2302.0620   11.4444
    0.0000  -22.5000  -37.5000 2327.2307   11.3144
    7.5000  -22.5000  -37.5000 2327.2280   11.3271
   -7.5000  -15.0000  -37.5000 2324.8767   11.2390
    0.0000  -15.0000  -37.5000 2350.1257   11.1163
    7.5000  -15.0000  -37.5000 2352.2998   11.1455
   -7.5000   -7.5000  -37.5000 2357.1523   11.0279
    0.0000   -7.5000  -37.5000 2386.8809   10.8962
    7.5000   -7.5000  -37.5000 2380.4790   10.9484
   -7.5000    0.0000  -37.5000 2386.1609   10.8176
    0.0000    0.0000  -37.5000 2414.9736   10.6849
    7.5000    0.0000  -37.5000 2406.8508   10.7210
   -7.5000    7.5000  -37.5000 2401.2124   10.6771
    0.0000    7.5000  -37.5000 2429.6206   10.5429
    7.5000    7.5000  -37.5000 2419.5056   10.5512
   -7.5000   15.0000  -37.5000 2403.1548   10.6029
    0.0000   15.0000  -37.5000 2430.3442   10.4814
    7.5000   15.0000  -37.5000 2421.1140   10.4605
   -7.5000   22.5000  -37.5000 2409.5728   10.6226
    0.0000   22.5000  -37.5000 2434.8608   10.5280
    7.5000   22.5000  -37.5000 2420.8740   10.4899
   -7.5000   30.0000  -37.5000 2389.7129   10.7487
    0.0000   30.0000  -37.5000 2420.7498   10.6809
    7.5000   30.0000  -37.5000 2406.4463   10.6517
   -7.5000   37.5000  -37.5000 2360.2986   11.0482
    0.0000   37.5000  -37.5000 2392.0583   10.9398
    7.5000   37.5000  -37.5000 2378.3572   10.9438
   -7.5000   45.0000  -37.5000 2322.4409   11.4891
    0.0000   45.0000  -37.5000 2356.1919   11.3523
    7.5000   45.0000  -37.5000 2343.4451   11.3366
   -7.5000  -45.0000  -30.0000 2421.1331   11.7304
    0.0000  -45.0000  -30.0000 2448.2590   11.6052
    7.5000  -45.0000  -30.0000 2446.8411   11.6712
   -7.5000  -37.5000  -30.0000 2420.4673   11.4171
    0.0000  -37.5000  -30.0000 2444.7341   11.2739
    7.5000  -37.5000  -30.0000 2444.2263   11.3481
   -7.5000  -30.0000  -30.0000 2425.8843   11.1647
    0.0000  -30.0000  -30.0000 2450.8232   11.0280
    7.5000  -30.0000  -30.0000 2446.0752   11.0759
   -7.5000  -22.5000  -30.0000 2443.6135   10.9570
    0.0000  -22.5000  -30.0000 2469.4153   10.8204
    7.5000  -22.5000  -30.0000 2465.4297   10.8501
   -7.5000  -15.0000  -30.0000 2468.4358   10.7361
    0.0000  -15.0000  -30.0000 2491.7158   10.6043
    7.5000  -15.0000  -30.0000 2489.5425   10.6338
   -7.5000   -7.5000  -30.0000 2499.1365   10.5166
    0.0000   -7.5000  -30.0000 2524.2656   10.3960
    7.5000   -7.5000  -30.0000 2520.9795   10.4338
   -7.5000    0.0000  -30.0000 2528.4302   10.3226
    0.0000    0.0000  -30.0000 2553.8694   10.1981
    7.5000    0.0000  -30.0000 2548.1558   10.2011
   -7.5000    7.5000  -30.0000 2544.5093   10.1957
    0.0000    7.5000  -30.0000 2573.2307   10.0569
    7.5000    7.5000  -30.0000 2564.6089   10.0433
   -7.5000   15.0000  -30.0000 2551.8809   10.1524
    0.0000   15.0000  -30.0000 2579.9153   10.0142
    7.5000   15.0000  -30.0000 2566.4709    9.9934
   -7.5000   22.5000  -30.0000 2555.9199   10.1670
    0.0000   22.5000  -30.0000 2589.0327   10.0624
    7.5000   22.5000  -30.0000 2572.2473   10.0202
   -7.5000   30.0000  -30.0000 2547.9866   10.2813
    0.0000   30.0000  -30.0000 2580.3232   10.2158
    7.5000   30.0000  -30.0000 2564.8120   10.1832
   -7.5000   37.5000  -30.0000 2519.3528   10.5645
    0.0000   37.5000  -30.0000 2552.5283   10.4814
    7.5000   37.5000  -30.0000 2538.0898   10.4733
   -7.5000   45.0000  -30.0000 2467.4504   11.0181
    0.0000   45.0000  -30.0000 2507.7900   10.9093
    7.5000   45.0000  -30.0000 2493.9922   10.8831
   -7.5000  -45.0000  -22.5000 2527.3118   11.1506
    0.0000  -45.0000  -22.5000 2555.9609   10.9786
    7.5000  -45.0000  -22.5000 2552.9412   11.0792
   -7.5000  -37.5000  -22.5000 2529.0332   10.8427
    0.0000  -37.5000  -22.5000 2554.6240   10.6813
    7.5000  -37.5000  -22.5000 2550.9661   10.7667
   -7.5000  -30.0000  -22.5000 2531.7905   10.6103
    0.0000  -30.0000  -22.5000 2559.0120   10.4408
    7.5000  -30.0000  -22.5000 2552.1689   10.5152
   -7.5000  -22.5000  -22.5000 2546.5088   10.4157
    0.0000  -22.5000  -22.5000 2576.4353   10.2533
    7.5000  -22.5000  -22.5000 2571.5579   10.2940
   -7.5000  -15.0000  -22.5000 2570.4790   10.1894
    0.0000  -15.0000  -22.5000 2601.5220   10.0170
    7.5000  -15.0000  -22.5000 2592.3945   10.0574
   -7.5000   -7.5000  -22.5000 2606.1284    9.9897
    0.0000   -7.5000  -22.5000 2636.2971    9.8208
    7.5000   -7.5000  -22.5000 2631.7900    9.8420
   -7.5000    0.0000  -22.5000 2634.3254    9.8022
    0.0000    0.0000  -22.5000 2667.9248    9.6564
    7.5000    0.0000  -22.5000 2662.1160    9.6577
   -7.5000    7.5000  -22.5000 2652.8557    9.6731
    0.0000    7.5000  -22.5000 2683.9070    9.5430
    7.5000    7.5000  -22.5000 2682.4802    9.5042
   -7.5000   15.0000  -22.5000 2663.9075    9.6294
    0.0000   15.0000  -22.5000 2695.1133    9.4942
    7.5000   15.0000  -22.5000 2685.8914    9.4760
   -7.5000   22.5000  -22.5000 2674.8030    9.6252
    0.0000   22.5000  -22.5000 2707.2292    9.5105
    7.5000   22.5000  -22.5000 2691.9006    9.5022
   -7.5000   30.0000  -22.5000 2665.5168    9.7581
    0.0000   30.0000  -22.5000 2710.6060    9.6664
    7.5000   30.0000  -22.5000 2688.1423    9.6416
   -7.5000   37.5000  -22.5000 2642.9727   10.0442
    0.0000   37.5000  -22.5000 2685.6272    9.9509
    7.5000   37.5000  -22.5000 2669.7629    9.9396
   -7.5000   45.0000  -22.5000 2593.0061   10.4985
    0.0000   45.0000  -22.5000 2634.5833   10.3983
    7.5000   45.0000  -22.5000 2621.3735   10.3803
   -7.5000  -45.0000  -15.0000 2607.4226   10.5794
    0.0000  -45.0000  -15.0000 2632.4053   10.4031
    7.5000  -45.0000  -15.0000 2626.4763   10.5330
   -7.5000  -37.5000  -15.0000 2606.7898   10.2693
    0.0000  -37.5000  -15.0000 2633.1511   10.0950
    7.5000  -37.5000  -15.0000 2632.3604   10.2292
   -7.5000  -30.0000  -15.0000 2607.9099   10.0547
    0.0000  -30.0000  -15.0000 2639.1292    9.8641
    7.5000  -30.0000  -15.0000 2634.6040    9.9739
   -7.5000  -22.5000  -15.0000 2623.6526    9.8615
    0.0000  -22.5000  -15.0000 2657.9675    9.6670
    7.5000  -22.5000  -15.0000 2647.4534    9.7435
   -7.5000  -15.0000  -15.0000 2648.3567    9.6502
    0.0000  -15.0000  -15.0000 2676.9971    9.4663
    7.5000  -15.0000  -15.0000 2665.5112    9.5366
   -7.5000   -7.5000  -15.0000 2678.9724    9.4578
    0.0000   -7.5000  -15.0000 2709.7383    9.2956
    7.5000   -7.5000  -15.0000 2707.0549    9.3422
   -7.5000    0.0000  -15.0000 2704.7297    9.2983
    0.0000    0.0000  -15.0000 2741.5142    9.1462
    7.5000    0.0000  -15.0000 2738.4521    9.1671
   -7.5000    7.5000  -15.0000 2729.2102    9.1850
    0.0000    7.5000  -15.0000 2766.0222    9.0391
    7.5000    7.5000  -15.0000 2761.5835    9.0527
   -7.5000   15.0000  -15.0000 2747.7874    9.1436
    0.0000   15.0000  -15.0000 2784.5571    8.9932
    7.5000   15.0000  -15.0000 2777.3618    8.9877
   -7.5000   22.5000  -15.0000 2766.2388    9.1575
    0.0000   22.5000  -15.0000 2801.3628    9.0022
    7.5000   22.5000  -15.0000 2783.7178    9.0022
   -7.5000   30.0000  -15.0000 2763.7317    9.3043
    0.0000   30.0000  -15.0000 2811.3279    9.1375
    7.5000   30.0000  -15.0000 2783.4248    9.1376
   -7.5000   37.5000  -15.0000 2735.9226    9.5914
    0.0000   37.5000  -15.0000 2782.3669    9.4459
    7.5000   37.5000  -15.0000 2762.9880    9.4372
   -7.5000   45.0000  -15.0000 2680.3406   10.0392
    0.0000   45.0000  -15.0000 2723.9832    9.8875
    7.5000   45.0000  -15.0000 2706.3408    9.8823
   -7.5000  -45.0000   -7.5000 2665.9639   10.0306
    0.0000  -45.0000   -7.5000 2692.5845    9.8689
    7.5000  -45.0000   -7.5000 2686.0513   10.0245
   -7.5000  -37.5000   -7.5000 2671.3218    9.7679
    0.0000  -37.5000   -7.5000 2700.4670    9.6011
    7.5000  -37.5000   -7.5000 2694.1797    9.7378
   -7.5000  -30.0000   -7.5000 2667.6069    9.5753
    0.0000  -30.0000   -7.5000 2704.2256    9.3829
    7.5000  -30.0000   -7.5000 2696.2236    9.5054
   -7.5000  -22.5000   -7.5000 2679.4438    9.3644
    0.0000  -22.5000   -7.5000 2712.6638    9.1542
    7.5000  -22.5000   -7.5000 2701.9553    9.2631
   -7.5000  -15.0000   -7.5000 2699.5303    9.1591
    0.0000  -15.0000   -7.5000 2731.7737    8.9663
    7.5000  -15.0000   -7.5000 2719.2190    9.0658
   -7.5000   -7.5000   -7.5000 2723.9084    8.9809
    0.0000   -7.5000   -7.5000 2758.5518    8.8111
    7.5000   -7.5000   -7.5000 2750.8918    8.8909
   -7.5000    0.0000   -7.5000 2752.9880    8.8508
    0.0000    0.0000   -7.5000 2790.5095    8.6792
    7.5000    0.0000   -7.5000 2782.9448    8.7375
   -7.5000    7.5000   -7.5000 2783.9265    8.7982
    0.0000    7.5000   -7.5000 2825.4077    8.6153
    7.5000    7.5000   -7.5000 2812.6526    8.6495
   -7.5000   15.0000   -7.5000 2818.1516    8.8080
    0.0000   15.0000   -7.5000 2861.4329    8.6287
    7.5000   15.0000   -7.5000 2847.1182    8.6392
   -7.5000   22.5000   -7.5000 2836.1169    8.8121
    0.0000   22.5000   -7.5000 2883.1252    8.5948
    7.5000   22.5000   -7.5000 2860.5811    8.6214
   -7.5000   30.0000   -7.5000 2842.6831    8.9548
    0.0000   30.0000   -7.5000 2887.2834    8.7097
    7.5000   30.0000   -7.5000 2857.3579    8.7433
   -7.5000   37.5000   -7.5000 2812.0359    9.2497
    0.0000   37.5000   -7.5000 2850.7107    9.0051
    7.5000   37.5000   -7.5000 2830.6987    9.0394
   -7.5000   45.0000   -7.5000 2744.6096    9.6519
    0.0000   45.0000   -7.5000 2781.7678    9.4149
    7.5000   45.0000   -7.5000 2763.7876    9.4395
   -7.5000  -45.0000    0.0000 2708.0122    9.6217
    0.0000  -45.0000    0.0000 2732.9070    9.4636
    7.5000  -45.0000    0.0000 2732.0120    9.6628
   -7.5000  -37.5000    0.0000 2706.6833    9.4255
    0.0000  -37.5000    0.0000 2736.2173    9.2698
    7.5000  -37.5000    0.0000 2735.6973    9.4222
   -7.5000  -30.0000    0.0000 2704.8416    9.2431
    0.0000  -30.0000    0.0000 2741.4819    9.0481
    7.5000  -30.0000    0.0000 2736.9382    9.1904
   -7.5000  -22.5000    0.0000 2717.0283    9.0383
    0.0000  -22.5000    0.0000 2750.9421    8.8181
    7.5000  -22.5000    0.0000 2743.3604    8.9470
   -7.5000  -15.0000    0.0000 2734.0393    8.8440
    0.0000  -15.0000    0.0000 2766.8484    8.6134
    7.5000  -15.0000    0.0000 2752.5598    8.7511
   -7.5000   -7.5000    0.0000 2754.5469    8.6659
    0.0000   -7.5000    0.0000 2788.2729    8.4715
    7.5000   -7.5000    0.0000 2779.6118    8.5778
   -7.5000    0.0000    0.0000 2784.8809    8.5382
    0.0000    0.0000    0.0000 2819.2009    8.3423
    7.5000    0.0000    0.0000 2813.5586    8.4343
   -7.5000    7.5000    0.0000 2824.6960    8.5243
    0.0000    7.5000    0.0000 2862.5916    8.3225
    7.5000    7.5000    0.0000 2850.2192    8.3890
   -7.5000   15.0000    0.0000 2862.9937    8.6423
    0.0000   15.0000    0.0000 2905.4856    8.4634
    7.5000   15.0000    0.0000 2891.2429    8.4701
   -7.5000   22.5000    0.0000 2881.8740    8.6756
    0.0000   22.5000    0.0000 2937.6890    8.4497
    7.5000   22.5000    0.0000 2910.8916    8.4818
   -7.5000   30.0000    0.0000 2896.5347    8.8053
    0.0000   30.0000    0.0000 2944.9866    8.5005
    7.5000   30.0000    0.0000 2914.5967    8.5871
   -7.5000   37.5000    0.0000 2858.0620    9.0926
    0.0000   37.5000    0.0000 2893.9663    8.7596
    7.5000   37.5000    0.0000 2878.4580    8.8611
   -7.5000   45.0000    0.0000 2774.5759    9.4821
    0.0000   45.0000    0.0000 2804.7363    9.1722
    7.5000   45.0000    0.0000 2797.5034    9.2515
   -7.5000  -45.0000    7.5000 2730.4275    9.4784
    0.0000  -45.0000    7.5000 2760.1594    9.2916
    7.5000  -45.0000    7.5000 2760.0693    9.4649
   -7.5000  -37.5000    7.5000 2737.1919    9.2972
    0.0000  -37.5000    7.5000 2765.3352    9.1192
    7.5000  -37.5000    7.5000 2765.2036    9.2675
   -7.5000  -30.0000    7.5000 2725.9421    9.1061
    0.0000  -30.0000    7.5000 2767.3049    8.9057
    7.5000  -30.0000    7.5000 2762.0371    9.0341
   -7.5000  -22.5000    7.5000 2735.5310    8.8935
    0.0000  -22.5000    7.5000 2771.1221    8.6755
    7.5000  -22.5000    7.5000 2764.5593    8.7964
   -7.5000  -15.0000    7.5000 2751.6072    8.6988
    0.0000  -15.0000    7.5000 2784.7686    8.4821
    7.5000  -15.0000    7.5000 2774.2480    8.6118
   -7.5000   -7.5000    7.5000 2772.8345    8.5402
    0.0000   -7.5000    7.5000 2808.0674    8.3242
    7.5000   -7.5000    7.5000 2794.5525    8.4479
   -7.5000    0.0000    7.5000 2803.1736    8.4416
    0.0000    0.0000    7.5000 2833.9023    8.2194
    7.5000    0.0000    7.5000 2825.9377    8.3295
   -7.5000    7.5000    7.5000 2849.7256    8.4530
    0.0000    7.5000    7.5000 2881.2092    8.2134
    7.5000    7.5000    7.5000 2867.0808    8.3238
   -7.5000   15.0000    7.5000 2884.5178    8.5766
    0.0000   15.0000    7.5000 2923.3308    8.3780
    7.5000   15.0000    7.5000 2905.6479    8.4231
   -7.5000   22.5000    7.5000 2908.3218    8.6859
    0.0000   22.5000    7.5000 2950.4294    8.4481
    7.5000   22.5000    7.5000 2929.3328    8.5157
   -7.5000   30.0000    7.5000 2919.6716    8.8294
    0.0000   30.0000    7.5000 2965.6648    8.5277
    7.5000   30.0000    7.5000 2933.2529    8.6645
   -7.5000   37.5000    7.5000 2873.1995    9.1257
    0.0000   37.5000    7.5000 2914.6897    8.8333
    7.5000   37.5000    7.5000 2895.0037    8.9351
   -7.5000   45.0000    7.5000 2773.8391    9.5317
    0.0000   45.0000    7.5000 2811.6047    9.2782
    7.5000   45.0000    7.5000 2801.3274    9.3324
   -7.5000  -45.0000   15.0000 2731.5288    9.5367
    0.0000  -45.0000   15.0000 2754.9412    9.3192
    7.5000  -45.0000   15.0000 2751.8262    9.4596
   -7.5000  -37.5000   15.0000 2734.7651    9.3192
    0.0000  -37.5000   15.0000 2760.8694    9.1205
    7.5000  -37.5000   15.0000 2756.6106    9.2584
   -7.5000  -30.0000   15.0000 2729.0176    9.1322
    0.0000  -30.0000   15.0000 2761.9143    8.9198
    7.5000  -30.0000   15.0000 2755.2451    9.0322
   -7.5000  -22.5000   15.0000 2734.7449    8.9264
    0.0000  -22.5000   15.0000 2768.2139    8.7053
    7.5000  -22.5000   15.0000 2764.2563    8.8187
   -7.5000  -15.0000   15.0000 2756.3467    8.7569
    0.0000  -15.0000   15.0000 2782.2598    8.5147
    7.5000  -15.0000   15.0000 2776.2202    8.6355
   -7.5000   -7.5000   15.0000 2782.1042    8.6127
    0.0000   -7.5000   15.0000 2809.6111    8.3765
    7.5000   -7.5000   15.0000 2795.8066    8.4992
   -7.5000    0.0000   15.0000 2811.1226    8.5296
    0.0000    0.0000   15.0000 2835.9431    8.2845
    7.5000    0.0000   15.0000 2823.6606    8.4112
   -7.5000    7.5000   15.0000 2853.1724    8.5728
    0.0000    7.5000   15.0000 2882.3774    8.3342
    7.5000    7.5000   15.0000 2863.8909    8.4324
   -7.5000   15.0000   15.0000 2876.3069    8.6789
    0.0000   15.0000   15.0000 2910.5649    8.4730
    7.5000   15.0000   15.0000 2890.5371    8.5175
   -7.5000   22.5000   15.0000 2890.0186    8.7973
    0.0000   22.5000   15.0000 2929.9114    8.5813
    7.5000   22.5000   15.0000 2904.6680    8.6573
   -7.5000   30.0000   15.0000 2889.2393    9.0067
    0.0000   30.0000   15.0000 2933.2722    8.8409
    7.5000   30.0000   15.0000 2901.0667    8.8887
   -7.5000   37.5000   15.0000 2842.4622    9.3192
    0.0000   37.5000   15.0000 2884.2905    9.1947
    7.5000   37.5000   15.0000 2854.2236    9.2036
   -7.5000   45.0000   15.0000 2741.1348    9.7204
    0.0000   45.0000   15.0000 2780.5989    9.6154
    7.5000   45.0000   15.0000 2762.2659    9.6068
   -7.5000  -45.0000   22.5000 2715.0212    9.7938
    0.0000  -45.0000   22.5000 2730.0051    9.5681
    7.5000  -45.0000   22.5000 2728.8679    9.6712
   -7.5000  -37.5000   22.5000 2721.7480    9.5292
    0.0000  -37.5000   22.5000 2737.9709    9.3215
    7.5000  -37.5000   22.5000 2728.8633    9.4367
   -7.5000  -30.0000   22.5000 2718.4353    9.3130
    0.0000  -30.0000   22.5000 2744.1370    9.0995
    7.5000  -30.0000   22.5000 2732.3904    9.2282
   -7.5000  -22.5000   22.5000 2724.3022    9.0877
    0.0000  -22.5000   22.5000 2754.9272    8.8709
    7.5000  -22.5000   22.5000 2746.8013    8.9929
   -7.5000  -15.0000   22.5000 2747.6982    8.9170
    0.0000  -15.0000   22.5000 2775.8542    8.7102
    7.5000  -15.0000   22.5000 2760.4683    8.8180
   -7.5000   -7.5000   22.5000 2774.7703    8.7925
    0.0000   -7.5000   22.5000 2807.7400    8.6046
    7.5000   -7.5000   22.5000 2785.7507    8.7061
   -7.5000    0.0000   22.5000 2797.3843    8.7552
    0.0000    0.0000   22.5000 2827.6741    8.5720
    7.5000    0.0000   22.5000 2806.4768    8.6551
   -7.5000    7.5000   22.5000 2826.2053    8.7995
    0.0000    7.5000   22.5000 2861.0193    8.6508
    7.5000    7.5000   22.5000 2838.6438    8.6857
   -7.5000   15.0000   22.5000 2838.7234    8.8856
    0.0000   15.0000   22.5000 2877.4795    8.7045
    7.5000   15.0000   22.5000 2857.3447    8.7597
   -7.5000   22.5000   22.5000 2842.4587    9.0172
    0.0000   22.5000   22.5000 2884.5996    8.8179
    7.5000   22.5000   22.5000 2863.4153    8.8862
   -7.5000   30.0000   22.5000 2827.9792    9.2497
    0.0000   30.0000   22.5000 2868.8306    9.0845
    7.5000   30.0000   22.5000 2846.4248    9.1342
   -7.5000   37.5000   22.5000 2782.8962    9.5737
    0.0000   37.5000   22.5000 2822.7146    9.4237
    7.5000   37.5000   22.5000 2797.2275    9.4686
   -7.5000   45.0000   22.5000 2687.9685   10.0162
    0.0000   45.0000   22.5000 2722.4653    9.8647
    7.5000   45.0000   22.5000 2706.3630    9.8927
   -7.5000  -45.0000   30.0000 2665.1602   10.1575
    0.0000  -45.0000   30.0000 2680.4556    9.9998
    7.5000  -45.0000   30.0000 2672.3560   10.0553
   -7.5000  -37.5000   30.0000 2675.1782    9.8118
    0.0000  -37.5000   30.0000 2692.4526    9.6732
    7.5000  -37.5000   30.0000 2682.7034    9.7608
   -7.5000  -30.0000   30.0000 2675.8176    9.5551
    0.0000  -30.0000   30.0000 2704.3970    9.3956
    7.5000  -30.0000   30.0000 2690.0564    9.5176
   -7.5000  -22.5000   30.0000 2685.2725    9.3351
    0.0000  -22.5000   30.0000 2712.0342    9.1644
    7.5000  -22.5000   30.0000 2700.5911    9.2950
   -7.5000  -15.0000   30.0000 2711.3950    9.1540
    0.0000  -15.0000   30.0000 2742.1116    8.9968
    7.5000  -15.0000   30.0000 2722.2324    9.1219
   -7.5000   -7.5000   30.0000 2740.4443    9.0661
    0.0000   -7.5000   30.0000 2773.9697    8.9186
    7.5000   -7.5000   30.0000 2749.2332    9.0303
   -7.5000    0.0000   30.0000 2758.4614    9.0463
    0.0000    0.0000   30.0000 2789.4600    8.8954
    7.5000    0.0000   30.0000 2769.8701    8.9807
   -7.5000    7.5000   30.0000 2776.2261    9.0989
    0.0000    7.5000   30.0000 2808.9805    8.9349
    7.5000    7.5000   30.0000 2789.8562    9.0044
   -7.5000   15.0000   30.0000 2781.6599    9.2096
    0.0000   15.0000   30.0000 2823.8101    8.9933
    7.5000   15.0000   30.0000 2800.5735    9.0813
   -7.5000   22.5000   30.0000 2781.6121    9.3768
    0.0000   22.5000   30.0000 2820.9268    9.1682
    7.5000   22.5000   30.0000 2800.6973    9.2353
   -7.5000   30.0000   30.0000 2753.0088    9.6346
    0.0000   30.0000   30.0000 2792.0410    9.4334
    7.5000   30.0000   30.0000 2770.4067    9.5095
   -7.5000   37.5000   30.0000 2701.0676    9.9606
    0.0000   37.5000   30.0000 2733.5635    9.7692
    7.5000   37.5000   30.0000 2714.8225    9.8426
   -7.5000   45.0000   30.0000 2614.7449   10.4041
    0.0000   45.0000   30.0000 2643.3833   10.2113
    7.5000   45.0000   30.0000 2629.5728   10.2738
   -7.5000  -45.0000   37.5000 2604.6028   10.6766
    0.0000  -45.0000   37.5000 2618.0742   10.5225
    7.5000  -45.0000   37.5000 2608.3843   10.5890
   -7.5000  -37.5000   37.5000 2608.2407   10.2814
    0.0000  -37.5000   37.5000 2627.4688   10.1302
    7.5000  -37.5000   37.5000 2620.1440   10.2240
   -7.5000  -30.0000   37.5000 2617.8835    9.9695
    0.0000  -30.0000   37.5000 2642.4739    9.8190
    7.5000  -30.0000   37.5000 2634.4910    9.9264
   -7.5000  -22.5000   37.5000 2634.2578    9.7234
    0.0000  -22.5000   37.5000 2660.2639    9.5868
    7.5000  -22.5000   37.5000 2647.7192    9.6858
   -7.5000  -15.0000   37.5000 2661.3484    9.5379
    0.0000  -15.0000   37.5000 2693.7515    9.3998
    7.5000  -15.0000   37.5000 2670.5232    9.5103
   -7.5000   -7.5000   37.5000 2687.9299    9.4345
    0.0000   -7.5000   37.5000 2721.6465    9.2897
    7.5000   -7.5000   37.5000 2696.5244    9.3929
   -7.5000    0.0000   37.5000 2701.6934    9.4295
    0.0000    0.0000   37.5000 2731.4187    9.2820
    7.5000    0.0000   37.5000 2714.4858    9.3621
   -7.5000    7.5000   37.5000 2713.4001    9.5134
    0.0000    7.5000   37.5000 2747.5405    9.3176
    7.5000    7.5000   37.5000 2728.9993    9.3977
   -7.5000   15.0000   37.5000 2715.5259    9.6355
    0.0000   15.0000   37.5000 2747.1572    9.4256
    7.5000   15.0000   37.5000 2727.5203    9.5064
   -7.5000   22.5000   37.5000 2708.4512    9.8444
    0.0000   22.5000   37.5000 2737.7014    9.6455
    7.5000   22.5000   37.5000 2719.5742    9.7181
   -7.5000   30.0000   37.5000 2670.7070   10.1432
    0.0000   30.0000   37.5000 2703.9331    9.9306
    7.5000   30.0000   37.5000 2682.8811   10.0096
   -7.5000   37.5000   37.5000 2615.7554   10.4833
    0.0000   37.5000   37.5000 2642.6062   10.2993
    7.5000   37.5000   37.5000 2623.3750   10.3792
   -7.5000   45.0000   37.5000 2534.7974   10.9408
    0.0000   45.0000   37.5000 2560.2080   10.7677
    7.5000   45.0000   37.5000 2541.6238   10.8255
   -7.5000  -45.0000   45.0000 2533.9082   11.3071
    0.0000  -45.0000   45.0000 2547.2031   11.1322
    7.5000  -45.0000   45.0000 2540.5933   11.2219
   -7.5000  -37.5000   45.0000 2534.7488   10.8955
    0.0000  -37.5000   45.0000 2552.5115   10.7396
    7.5000  -37.5000   45.0000 2551.1663   10.8262
   -7.5000  -30.0000   45.0000 2548.6899   10.5595
    0.0000  -30.0000   45.0000 2568.6135   10.4000
    7.5000  -30.0000   45.0000 2564.9639   10.4776
   -7.5000  -22.5000   45.0000 2572.4414   10.2917
    0.0000  -22.5000   45.0000 2592.7783   10.1434
    7.5000  -22.5000   45.0000 2578.2297   10.2120
   -7.5000  -15.0000   45.0000 2599.9399   10.1102
    0.0000  -15.0000   45.0000 2624.7603    9.9669
    7.5000  -15.0000   45.0000 2601.4556   10.0371
   -7.5000   -7.5000   45.0000 2622.6863    9.9904
    0.0000   -7.5000   45.0000 2645.9607    9.8563
    7.5000   -7.5000   45.0000 2620.5764    9.9423
   -7.5000    0.0000   45.0000 2624.7075    9.9794
    0.0000    0.0000   45.0000 2652.6658    9.8328
    7.5000    0.0000   45.0000 2634.3411    9.9166
   -7.5000    7.5000   45.0000 2637.2480   10.0713
    0.0000    7.5000   45.0000 2665.7922    9.8935
    7.5000    7.5000   45.0000 2650.3882    9.9820
   -7.5000   15.0000   45.0000 2634.5637   10.2284
    0.0000   15.0000   45.0000 2659.7263   10.0524
    7.5000   15.0000   45.0000 2642.4707   10.1278
   -7.5000   22.5000   45.0000 2612.2766   10.4793
    0.0000   22.5000   45.0000 2638.3391   10.2999
    7.5000   22.5000   45.0000 2623.3372   10.3574
   -7.5000   30.0000   45.0000 2574.0417   10.7911
    0.0000   30.0000   45.0000 2602.0598   10.6071
    7.5000   30.0000   45.0000 2586.3213   10.6753
   -7.5000   37.5000   45.0000 2524.2222   11.1651
    0.0000   37.5000   45.0000 2548.9382   11.0063
    7.5000   37.5000   45.0000 2528.5781   11.0768
   -7.5000   45.0000   45.0000 2450.8169   11.6664
    0.0000   45.0000   45.0000 2477.4241   11.4866
    7.5000   45.0000   45.0000 2452.9058   11.5456

---------------------------------------------------------------------
imgreg_4dfp /Applications/freesurfer/7.4.1/average/711-2C_as_mni_average_305 /Applications/freesurfer/7.4.1/average/711-2B_as_mni_average_305_mask talsrcimg_g11 none talsrcimg_to_711-2C_as_mni_average_305_t4 1283
---------------------------------------------------------------------

freesurfer imgreg_4dfp.c
/Applications/freesurfer/7.4.1/average/711-2C_as_mni_average_305.4dfp.img
       256       256       256         1
  1.000000  1.000000  1.000000
orientation T byte_order littleendian
Reading image: /Applications/freesurfer/7.4.1/average/711-2C_as_mni_average_305.4dfp.img
dimensions:      256       256       256
mmppix:       1.0000   -1.0000   -1.0000
center:     128.0000 -129.0000 -129.0000
/Applications/freesurfer/7.4.1/average/711-2B_as_mni_average_305_mask.4dfp.img
       256       256       256         1
  1.000000  1.000000  1.000000
orientation T byte_order littleendian
Reading mask: /Applications/freesurfer/7.4.1/average/711-2B_as_mni_average_305_mask.4dfp.img (2306576 pixels)
talsrcimg_g11.4dfp.img
       256       256       256         1
  1.000000  1.000000  1.000000
orientation T byte_order littleendian
Reading image: talsrcimg_g11.4dfp.img
dimensions:      256       256       256
mmppix:       1.0000   -1.0000   -1.0000
center:     128.0000 -129.0000 -129.0000
rotation matrix determinant  1.000000
fimgreg.f
image alignment mode   1283 decimal      503 hex
parameters
    0.0000   30.0000    7.5000    0.0000    0.0000    0.0000
eta,q 0.93083  8.53716
niter,ni,del,rscale     5    3   12.0000    1.2000
parameter  2  0.633193 ->  0.500000 qaram    1.1500
parameter  4  1.105320 ->  0.500000 qaram    1.1500
parameters
    0.2002   26.5500    5.7568   -3.4500    2.9100   -1.4392
eta,q 0.92812  8.50204
  0.0811  0.0731  0.0741  0.0729  0.0782  0.0742
  0.0775  0.0733  0.0737  0.0730  0.0758  0.0735
  0.0754  0.0735  0.0732  0.0734  0.0743  0.0721
  0.0740  0.0736  0.0729  0.0732  0.0732  0.0719
  0.0738  0.0761  0.0737  0.0732  0.0721  0.0736
  0.0764  0.0788  0.0757  0.0729  0.0720  0.0758
  0.0809  0.0818  0.0798  0.0738  0.0733  0.0778
niter,ni,del,rscale     6    3   12.0000    1.2000
parameters
   -0.5247   26.7095    4.2946   -5.3576    2.8587   -1.9783
eta,q 0.92877  8.47075
  0.0774  0.0796  0.0731  0.0733  0.0746  0.0754
  0.0740  0.0762  0.0718  0.0722  0.0731  0.0731
  0.0724  0.0732  0.0715  0.0712  0.0720  0.0718
  0.0719  0.0719  0.0719  0.0715  0.0711  0.0711
  0.0735  0.0731  0.0724  0.0734  0.0711  0.0719
  0.0765  0.0756  0.0735  0.0744  0.0728  0.0744
  0.0807  0.0790  0.0761  0.0749  0.0754  0.0773
niter,ni,del,rscale     5    3   12.0000    1.2000
parameters
   -0.6504   26.4527    4.4926   -5.4174    2.7388   -2.1068
eta,q 0.92869  8.46253
  0.0792  0.0802  0.0759  0.0742  0.0750  0.0760
  0.0748  0.0763  0.0720  0.0731  0.0733  0.0736
  0.0728  0.0727  0.0711  0.0721  0.0721  0.0721
  0.0712  0.0713  0.0713  0.0712  0.0712  0.0713
  0.0719  0.0730  0.0711  0.0720  0.0715  0.0714
  0.0753  0.0771  0.0723  0.0736  0.0732  0.0736
  0.0802  0.0817  0.0748  0.0741  0.0757  0.0769
niter,ni,del,rscale     4    3   12.0000    1.2000
parameters
   -0.6538   26.4281    4.4572   -5.4144    2.7293   -2.1260
eta,q 0.92867  8.46247
  0.0796  0.0806  0.0754  0.0744  0.0751  0.0761
  0.0750  0.0767  0.0719  0.0731  0.0734  0.0737
  0.0729  0.0733  0.0712  0.0723  0.0721  0.0722
  0.0713  0.0713  0.0713  0.0713  0.0713  0.0713
  0.0719  0.0726  0.0712  0.0721  0.0715  0.0714
  0.0751  0.0765  0.0726  0.0736  0.0731  0.0734
  0.0799  0.0811  0.0750  0.0741  0.0756  0.0767
registration optimization eta report
parameter search radius
    6.0000    6.9000    6.0000    6.9000    6.0000    6.0000
100000*second partial in parameter space
       23.       19.       12.        5.       11.       14.
  0.0796  0.0806  0.0754  0.0744  0.0751  0.0761
  0.0750  0.0767  0.0719  0.0731  0.0734  0.0737
  0.0729  0.0733  0.0712  0.0723  0.0721  0.0722
  0.0713  0.0713  0.0713  0.0713  0.0713  0.0713
  0.0719  0.0726  0.0712  0.0721  0.0715  0.0714
  0.0751  0.0765  0.0726  0.0736  0.0731  0.0734
  0.0799  0.0811  0.0750  0.0741  0.0756  0.0767
   -0.6538   26.4281    4.4572   -5.4144    2.7293   -2.1260
eta,q 0.92867  8.46247

---------------------------------------------------------------------
imgreg_4dfp /Applications/freesurfer/7.4.1/average/711-2C_as_mni_average_305 /Applications/freesurfer/7.4.1/average/711-2B_as_mni_average_305_mask talsrcimg_g11 none talsrcimg_to_711-2C_as_mni_average_305_t4 3335
---------------------------------------------------------------------

freesurfer imgreg_4dfp.c
/Applications/freesurfer/7.4.1/average/711-2C_as_mni_average_305.4dfp.img
       256       256       256         1
  1.000000  1.000000  1.000000
orientation T byte_order littleendian
Reading image: /Applications/freesurfer/7.4.1/average/711-2C_as_mni_average_305.4dfp.img
dimensions:      256       256       256
mmppix:       1.0000   -1.0000   -1.0000
center:     128.0000 -129.0000 -129.0000
/Applications/freesurfer/7.4.1/average/711-2B_as_mni_average_305_mask.4dfp.img
       256       256       256         1
  1.000000  1.000000  1.000000
orientation T byte_order littleendian
Reading mask: /Applications/freesurfer/7.4.1/average/711-2B_as_mni_average_305_mask.4dfp.img (2306576 pixels)
talsrcimg_g11.4dfp.img
       256       256       256         1
  1.000000  1.000000  1.000000
orientation T byte_order littleendian
Reading image: talsrcimg_g11.4dfp.img
dimensions:      256       256       256
mmppix:       1.0000   -1.0000   -1.0000
center:     128.0000 -129.0000 -129.0000
fimgreg.f
image alignment mode   3335 decimal      D07 hex
parameters
   -0.6538   26.4281    4.4572   -0.1822   -0.5314   -0.5591
    4.1422   -4.3872   -3.7056    9.6052    4.7617   -9.4252
eta,q 0.93110  8.44598
niter,ni,del,rscale     5    3    5.0000    1.2000
parameter  2 -0.635452 -> -0.500000 qaram    1.1500
parameter  4  4.943291 ->  0.500000 qaram    1.1500
parameter  5-20.198351 ->  0.500000 qaram    1.1500
parameter  6  2.064373 ->  0.500000 qaram    1.1500
parameter  9 -0.717095 -> -0.500000 qaram    1.1500
parameter 10  1.889639 ->  0.500000 qaram    1.1500
parameters
   -0.4118   27.8081    5.2699   -4.3222   -4.6714   -4.6991
    2.2867   -4.9417    0.4344    5.4652    1.4332   -7.5876
eta,q 0.94746  8.26073
  0.0710  0.0705  0.0704  0.0608  0.0572  0.0534  0.0564  0.0582  0.0574  0.0518  0.0530  0.0538
  0.0699  0.0698  0.0695  0.0630  0.0591  0.0551  0.0558  0.0567  0.0567  0.0526  0.0526  0.0532
  0.0692  0.0692  0.0689  0.0656  0.0613  0.0572  0.0555  0.0558  0.0560  0.0537  0.0526  0.0528
  0.0689  0.0689  0.0686  0.0685  0.0636  0.0597  0.0556  0.0555  0.0555  0.0551  0.0528  0.0526
  0.0690  0.0686  0.0685  0.0715  0.0657  0.0622  0.0561  0.0560  0.0552  0.0568  0.0534  0.0526
  0.0695  0.0686  0.0686  0.0746  0.0677  0.0657  0.0569  0.0573  0.0551  0.0588  0.0540  0.0527
  0.0703  0.0687  0.0689  0.0778  0.0697  0.0696  0.0580  0.0592  0.0552  0.0608  0.0549  0.0530
niter,ni,del,rscale     7    3    5.0000    1.2000
parameter  2 -0.500871 -> -0.500000 qaram    1.3225
parameter  4  1.585928 ->  0.500000 qaram    1.3225
parameter  5 14.026713 ->  0.500000 qaram    1.3225
parameter  6  0.532363 ->  0.500000 qaram    1.3225
parameter 10  0.795658 ->  0.500000 qaram    1.3225
parameter 12 -0.795980 -> -0.500000 qaram    1.1500
parameters
   -0.3541   29.3951    6.1889   -9.0832   -9.4324   -9.4601
    1.1786   -3.8609    1.0676    0.7042    3.7336   -3.4476
eta,q 0.96066  7.96163
  0.0554  0.0566  0.0548  0.0459  0.0402  0.0424  0.0433  0.0465  0.0438  0.0405  0.0416  0.0427
  0.0539  0.0548  0.0536  0.0472  0.0421  0.0421  0.0424  0.0443  0.0428  0.0401  0.0410  0.0416
  0.0529  0.0534  0.0526  0.0489  0.0446  0.0420  0.0420  0.0428  0.0421  0.0405  0.0405  0.0407
  0.0525  0.0525  0.0521  0.0518  0.0476  0.0427  0.0420  0.0419  0.0418  0.0418  0.0401  0.0400
  0.0528  0.0521  0.0518  0.0557  0.0504  0.0447  0.0424  0.0419  0.0419  0.0436  0.0400  0.0395
  0.0537  0.0521  0.0519  0.0596  0.0529  0.0481  0.0432  0.0428  0.0424  0.0457  0.0401  0.0393
  0.0551  0.0525  0.0524  0.0636  0.0554  0.0519  0.0444  0.0445  0.0433  0.0480  0.0405  0.0394
niter,ni,del,rscale     7    3    5.0000    1.2000
parameter  4  0.848774 ->  0.500000 qaram    1.5209
parameter  5  1.185544 ->  0.500000 qaram    1.5209
parameters
   -0.0875   29.4762    5.2015  -14.5583  -14.9075  -11.1332
    0.0098   -3.9885   -0.2623   -0.8666    4.4437   -0.3232
eta,q 0.96733  7.48831
  0.0429  0.0439  0.0396  0.0364  0.0329  0.0355  0.0351  0.0372  0.0351  0.0365  0.0346  0.0359
  0.0411  0.0415  0.0392  0.0363  0.0331  0.0341  0.0339  0.0351  0.0339  0.0343  0.0338  0.0346
  0.0399  0.0399  0.0391  0.0374  0.0342  0.0335  0.0333  0.0337  0.0332  0.0331  0.0332  0.0336
  0.0393  0.0393  0.0393  0.0391  0.0365  0.0333  0.0333  0.0332  0.0332  0.0331  0.0329  0.0329
  0.0395  0.0398  0.0399  0.0414  0.0400  0.0338  0.0340  0.0338  0.0339  0.0345  0.0330  0.0327
  0.0402  0.0413  0.0407  0.0449  0.0434  0.0355  0.0352  0.0353  0.0351  0.0367  0.0334  0.0329
  0.0416  0.0435  0.0417  0.0492  0.0465  0.0387  0.0368  0.0375  0.0368  0.0393  0.0341  0.0334
niter,ni,del,rscale     7    3    5.0000    1.2000
parameters
    0.0549   29.8162    5.5983  -16.9419  -18.5214  -10.4351
   -0.1625   -3.9577   -0.8302   -1.0766    4.8375   -0.0950
eta,q 0.96799  7.24909
  0.0365  0.0386  0.0344  0.0353  0.0344  0.0355  0.0347  0.0363  0.0344  0.0369  0.0332  0.0337
  0.0346  0.0357  0.0335  0.0338  0.0329  0.0336  0.0332  0.0340  0.0330  0.0342  0.0326  0.0328
  0.0332  0.0336  0.0329  0.0326  0.0321  0.0326  0.0323  0.0325  0.0322  0.0325  0.0322  0.0322
  0.0327  0.0327  0.0326  0.0326  0.0325  0.0321  0.0320  0.0320  0.0320  0.0320  0.0320  0.0320
  0.0329  0.0329  0.0326  0.0340  0.0343  0.0319  0.0324  0.0326  0.0325  0.0329  0.0321  0.0322
  0.0340  0.0342  0.0329  0.0363  0.0379  0.0325  0.0334  0.0340  0.0336  0.0348  0.0324  0.0327
  0.0358  0.0366  0.0335  0.0397  0.0417  0.0349  0.0349  0.0362  0.0351  0.0371  0.0330  0.0335
niter,ni,del,rscale     6    3    5.0000    1.2000
parameters
    0.0395   30.0813    5.8081  -17.4047  -19.3800  -10.3929
   -0.1126   -3.9728   -1.0851   -0.9674    4.9193   -0.2039
eta,q 0.96789  7.19153
  0.0352  0.0373  0.0334  0.0357  0.0360  0.0350  0.0348  0.0362  0.0346  0.0372  0.0331  0.0335
  0.0334  0.0345  0.0326  0.0342  0.0341  0.0333  0.0334  0.0340  0.0332  0.0344  0.0326  0.0327
  0.0323  0.0327  0.0322  0.0328  0.0327  0.0324  0.0325  0.0326  0.0323  0.0326  0.0322  0.0322
  0.0320  0.0320  0.0320  0.0320  0.0321  0.0321  0.0321  0.0321  0.0321  0.0321  0.0321  0.0321
  0.0324  0.0324  0.0321  0.0324  0.0325  0.0319  0.0324  0.0326  0.0325  0.0328  0.0322  0.0323
  0.0335  0.0336  0.0324  0.0342  0.0345  0.0327  0.0334  0.0341  0.0335  0.0346  0.0325  0.0328
  0.0353  0.0357  0.0329  0.0369  0.0382  0.0355  0.0348  0.0362  0.0348  0.0366  0.0331  0.0335
niter,ni,del,rscale     5    3    5.0000    1.2000
parameters
    0.0533   30.2226    5.7972  -17.5683  -19.6009  -10.4600
   -0.1050   -3.9571   -1.1616   -0.7908    4.8719   -0.3317
eta,q 0.96785  7.17109
  0.0353  0.0368  0.0332  0.0358  0.0363  0.0350  0.0348  0.0362  0.0347  0.0372  0.0331  0.0335
  0.0335  0.0342  0.0325  0.0343  0.0344  0.0333  0.0334  0.0340  0.0333  0.0344  0.0326  0.0327
  0.0325  0.0327  0.0322  0.0330  0.0329  0.0324  0.0325  0.0326  0.0324  0.0326  0.0322  0.0322
  0.0321  0.0321  0.0321  0.0321  0.0321  0.0321  0.0322  0.0321  0.0322  0.0321  0.0322  0.0322
  0.0325  0.0326  0.0323  0.0323  0.0324  0.0320  0.0325  0.0327  0.0325  0.0329  0.0323  0.0324
  0.0335  0.0339  0.0326  0.0340  0.0340  0.0328  0.0334  0.0341  0.0334  0.0345  0.0326  0.0328
  0.0352  0.0359  0.0332  0.0366  0.0373  0.0356  0.0348  0.0361  0.0347  0.0365  0.0331  0.0336
niter,ni,del,rscale     4    3    5.0000    1.2000
parameters
    0.0677   30.3104    5.7412  -17.6491  -19.6932  -10.5333
   -0.1210   -3.9328   -1.1690   -0.6304    4.8066   -0.4201
eta,q 0.96781  7.15998
  0.0353  0.0366  0.0332  0.0359  0.0364  0.0350  0.0348  0.0362  0.0347  0.0371  0.0331  0.0336
  0.0336  0.0341  0.0325  0.0343  0.0344  0.0333  0.0334  0.0341  0.0333  0.0343  0.0326  0.0328
  0.0325  0.0326  0.0322  0.0330  0.0330  0.0324  0.0325  0.0326  0.0324  0.0326  0.0323  0.0323
  0.0322  0.0322  0.0322  0.0321  0.0322  0.0322  0.0322  0.0322  0.0322  0.0322  0.0322  0.0322
  0.0325  0.0327  0.0323  0.0323  0.0324  0.0321  0.0325  0.0327  0.0325  0.0329  0.0323  0.0324
  0.0335  0.0340  0.0327  0.0339  0.0339  0.0328  0.0334  0.0341  0.0334  0.0345  0.0326  0.0328
  0.0352  0.0360  0.0332  0.0365  0.0372  0.0356  0.0348  0.0361  0.0347  0.0365  0.0332  0.0336
niter,ni,del,rscale     3    3    5.0000    1.2000
parameters
    0.0807   30.3725    5.6906  -17.6981  -19.7561  -10.5919
   -0.1400   -3.9109   -1.1607   -0.5119    4.7433   -0.4840
eta,q 0.96779  7.15220
  0.0353  0.0365  0.0332  0.0359  0.0364  0.0350  0.0348  0.0362  0.0347  0.0371  0.0331  0.0336
  0.0336  0.0341  0.0326  0.0343  0.0344  0.0334  0.0334  0.0341  0.0333  0.0342  0.0326  0.0328
  0.0325  0.0326  0.0322  0.0330  0.0330  0.0325  0.0325  0.0327  0.0324  0.0326  0.0323  0.0323
  0.0322  0.0322  0.0322  0.0322  0.0322  0.0322  0.0322  0.0322  0.0322  0.0322  0.0322  0.0322
  0.0325  0.0327  0.0324  0.0323  0.0324  0.0321  0.0325  0.0327  0.0325  0.0329  0.0323  0.0324
  0.0336  0.0341  0.0327  0.0339  0.0339  0.0329  0.0334  0.0341  0.0334  0.0345  0.0326  0.0328
  0.0352  0.0360  0.0333  0.0365  0.0371  0.0356  0.0348  0.0361  0.0346  0.0364  0.0332  0.0336
niter,ni,del,rscale     2    3    5.0000    1.2000
parameters
    0.0914   30.4200    5.6434  -17.7311  -19.8110  -10.6520
   -0.1640   -3.8903   -1.1520   -0.4156    4.6865   -0.5305
eta,q 0.96777  7.14538
  0.0353  0.0364  0.0333  0.0359  0.0364  0.0350  0.0348  0.0362  0.0347  0.0370  0.0332  0.0336
  0.0336  0.0341  0.0326  0.0343  0.0344  0.0334  0.0334  0.0341  0.0333  0.0342  0.0326  0.0328
  0.0326  0.0326  0.0323  0.0331  0.0330  0.0325  0.0325  0.0327  0.0325  0.0326  0.0323  0.0323
  0.0322  0.0322  0.0322  0.0322  0.0322  0.0322  0.0322  0.0322  0.0322  0.0322  0.0322  0.0322
  0.0326  0.0328  0.0324  0.0324  0.0324  0.0321  0.0325  0.0327  0.0325  0.0330  0.0323  0.0324
  0.0336  0.0341  0.0328  0.0339  0.0339  0.0329  0.0335  0.0341  0.0334  0.0345  0.0327  0.0329
  0.0352  0.0360  0.0333  0.0365  0.0371  0.0356  0.0348  0.0361  0.0346  0.0364  0.0332  0.0336
niter,ni,del,rscale     1    3    5.0000    1.2000
parameters
    0.1030   30.4622    5.6057  -17.7633  -19.8599  -10.6998
   -0.1859   -3.8704   -1.1441   -0.3347    4.6428   -0.5747
eta,q 0.96775  7.13947
  0.0353  0.0364  0.0333  0.0359  0.0364  0.0351  0.0348  0.0362  0.0347  0.0370  0.0332  0.0336
  0.0336  0.0341  0.0327  0.0343  0.0344  0.0334  0.0335  0.0341  0.0333  0.0342  0.0327  0.0328
  0.0326  0.0326  0.0323  0.0331  0.0330  0.0325  0.0326  0.0327  0.0325  0.0326  0.0323  0.0324
  0.0322  0.0322  0.0322  0.0322  0.0322  0.0322  0.0322  0.0322  0.0322  0.0322  0.0323  0.0323
  0.0326  0.0328  0.0324  0.0324  0.0324  0.0322  0.0326  0.0328  0.0326  0.0330  0.0324  0.0325
  0.0336  0.0341  0.0328  0.0339  0.0339  0.0329  0.0335  0.0341  0.0334  0.0345  0.0327  0.0329
  0.0352  0.0360  0.0333  0.0364  0.0370  0.0356  0.0349  0.0361  0.0346  0.0364  0.0332  0.0336
registration optimization eta report
parameter search radius
    2.4000    3.1740    2.4000   10.9503   10.9503    9.5220
    7.2000    7.2000    8.2800    9.5220    7.2000    8.2800
100000*second partial in parameter space
       52.       39.       19.        3.        4.        4.
        5.        8.        3.        5.        2.        2.
  0.0353  0.0364  0.0333  0.0359  0.0364  0.0351  0.0348  0.0362  0.0347  0.0370  0.0332  0.0336
  0.0336  0.0341  0.0327  0.0343  0.0344  0.0334  0.0335  0.0341  0.0333  0.0342  0.0327  0.0328
  0.0326  0.0326  0.0323  0.0331  0.0330  0.0325  0.0326  0.0327  0.0325  0.0326  0.0323  0.0324
  0.0322  0.0322  0.0322  0.0322  0.0322  0.0322  0.0322  0.0322  0.0322  0.0322  0.0323  0.0323
  0.0326  0.0328  0.0324  0.0324  0.0324  0.0322  0.0326  0.0328  0.0326  0.0330  0.0324  0.0325
  0.0336  0.0341  0.0328  0.0339  0.0339  0.0329  0.0335  0.0341  0.0334  0.0345  0.0327  0.0329
  0.0352  0.0360  0.0333  0.0364  0.0370  0.0356  0.0349  0.0361  0.0346  0.0364  0.0332  0.0336
    0.1030   30.4622    5.6057  -17.7633  -19.8599  -10.6998
   -0.1859   -3.8704   -1.1441   -0.3347    4.6428   -0.5747
eta,q 0.96775  7.13947

---------------------------------------------------------------------
imgreg_4dfp /Applications/freesurfer/7.4.1/average/711-2C_as_mni_average_305 /Applications/freesurfer/7.4.1/average/711-2B_as_mni_average_305_mask talsrcimg_g11 none talsrcimg_to_711-2C_as_mni_average_305_t4 2311
---------------------------------------------------------------------

freesurfer imgreg_4dfp.c
/Applications/freesurfer/7.4.1/average/711-2C_as_mni_average_305.4dfp.img
       256       256       256         1
  1.000000  1.000000  1.000000
orientation T byte_order littleendian
Reading image: /Applications/freesurfer/7.4.1/average/711-2C_as_mni_average_305.4dfp.img
dimensions:      256       256       256
mmppix:       1.0000   -1.0000   -1.0000
center:     128.0000 -129.0000 -129.0000
/Applications/freesurfer/7.4.1/average/711-2B_as_mni_average_305_mask.4dfp.img
       256       256       256         1
  1.000000  1.000000  1.000000
orientation T byte_order littleendian
Reading mask: /Applications/freesurfer/7.4.1/average/711-2B_as_mni_average_305_mask.4dfp.img (2306576 pixels)
talsrcimg_g11.4dfp.img
       256       256       256         1
  1.000000  1.000000  1.000000
orientation T byte_order littleendian
Reading image: talsrcimg_g11.4dfp.img
dimensions:      256       256       256
mmppix:       1.0000   -1.0000   -1.0000
center:     128.0000 -129.0000 -129.0000
fimgreg.f
image alignment mode   2311 decimal      907 hex
parameters
    0.1030   30.4622    5.6057  -17.7633  -19.8599  -10.6998
   -0.1859   -3.8704   -1.1441   -0.3347    4.6428   -0.5747
eta,q 0.96775  7.13947
niter,ni,del,rscale     5    3    5.0000    0.8000
parameters
    0.1017   30.3975    5.5048  -16.5054  -18.6065   -9.4973
   -0.0059   -3.7930   -1.0050   -0.2847    5.3080   -0.1312
eta,q 0.96805  7.31867
  0.0336  0.0332  0.0327  0.0335  0.0334  0.0328  0.0334  0.0341  0.0330  0.0336  0.0326  0.0327
  0.0329  0.0327  0.0324  0.0330  0.0328  0.0324  0.0326  0.0330  0.0324  0.0327  0.0323  0.0323
  0.0324  0.0323  0.0323  0.0325  0.0324  0.0322  0.0322  0.0322  0.0321  0.0322  0.0321  0.0321
  0.0323  0.0323  0.0322  0.0322  0.0321  0.0320  0.0320  0.0320  0.0320  0.0320  0.0320  0.0320
  0.0324  0.0324  0.0323  0.0321  0.0320  0.0320  0.0321  0.0322  0.0321  0.0321  0.0320  0.0320
  0.0329  0.0328  0.0325  0.0323  0.0322  0.0320  0.0325  0.0329  0.0324  0.0327  0.0321  0.0322
  0.0336  0.0334  0.0328  0.0327  0.0326  0.0323  0.0332  0.0340  0.0328  0.0335  0.0323  0.0325
niter,ni,del,rscale     4    3    5.0000    0.7000
parameters
    0.0771   30.0705    5.7370  -16.1747  -18.3423   -8.5510
    0.0972   -3.8498   -1.0923   -0.6231    5.7395    0.3421
eta,q 0.96822  7.38898
  0.0331  0.0325  0.0325  0.0328  0.0328  0.0325  0.0329  0.0334  0.0325  0.0330  0.0323  0.0324
  0.0324  0.0321  0.0322  0.0324  0.0323  0.0323  0.0323  0.0325  0.0321  0.0323  0.0320  0.0321
  0.0321  0.0319  0.0320  0.0321  0.0320  0.0321  0.0319  0.0320  0.0319  0.0319  0.0319  0.0319
  0.0319  0.0320  0.0319  0.0319  0.0319  0.0319  0.0318  0.0318  0.0318  0.0318  0.0318  0.0318
  0.0321  0.0322  0.0319  0.0319  0.0319  0.0318  0.0319  0.0320  0.0319  0.0320  0.0318  0.0318
  0.0325  0.0327  0.0320  0.0322  0.0322  0.0319  0.0322  0.0326  0.0322  0.0326  0.0319  0.0319
  0.0332  0.0333  0.0322  0.0326  0.0326  0.0322  0.0328  0.0335  0.0326  0.0334  0.0321  0.0322
niter,ni,del,rscale     3    3    5.0000    0.6000
parameters
    0.0418   29.9010    6.0292  -16.0527  -18.3689   -7.9235
    0.1895   -3.9561   -1.1963   -0.9278    5.9637    0.6611
eta,q 0.96832  7.42096
  0.0326  0.0323  0.0323  0.0325  0.0323  0.0323  0.0325  0.0329  0.0323  0.0326  0.0320  0.0321
  0.0322  0.0320  0.0320  0.0321  0.0320  0.0321  0.0321  0.0322  0.0319  0.0321  0.0319  0.0319
  0.0319  0.0318  0.0319  0.0319  0.0318  0.0319  0.0318  0.0318  0.0317  0.0317  0.0317  0.0317
  0.0318  0.0318  0.0318  0.0317  0.0317  0.0317  0.0317  0.0317  0.0317  0.0317  0.0317  0.0317
  0.0319  0.0319  0.0317  0.0318  0.0318  0.0317  0.0318  0.0319  0.0318  0.0319  0.0317  0.0317
  0.0322  0.0322  0.0318  0.0320  0.0320  0.0318  0.0320  0.0323  0.0320  0.0323  0.0318  0.0318
  0.0327  0.0327  0.0319  0.0324  0.0324  0.0321  0.0324  0.0330  0.0323  0.0329  0.0320  0.0320
niter,ni,del,rscale     2    3    5.0000    0.5000
parameters
    0.0022   29.7906    6.2305  -15.9907  -18.4349   -7.4808
    0.2562   -4.0557   -1.2457   -1.1279    6.0639    0.8438
eta,q 0.96839  7.43955
  0.0323  0.0321  0.0320  0.0322  0.0321  0.0321  0.0322  0.0325  0.0320  0.0323  0.0319  0.0319
  0.0319  0.0318  0.0318  0.0319  0.0318  0.0320  0.0319  0.0320  0.0318  0.0319  0.0318  0.0317
  0.0317  0.0317  0.0317  0.0317  0.0317  0.0318  0.0317  0.0317  0.0317  0.0317  0.0317  0.0316
  0.0317  0.0317  0.0317  0.0317  0.0317  0.0316  0.0316  0.0316  0.0316  0.0316  0.0316  0.0316
  0.0318  0.0318  0.0317  0.0317  0.0317  0.0316  0.0317  0.0318  0.0317  0.0318  0.0316  0.0316
  0.0320  0.0320  0.0317  0.0319  0.0319  0.0317  0.0319  0.0321  0.0318  0.0320  0.0317  0.0317
  0.0324  0.0323  0.0318  0.0321  0.0321  0.0320  0.0322  0.0326  0.0321  0.0325  0.0319  0.0318
niter,ni,del,rscale     1    3    5.0000    0.4000
parameters
   -0.0285   29.7218    6.3673  -15.9478  -18.5140   -7.1707
    0.2850   -4.1375   -1.2883   -1.2504    6.1155    0.9342
eta,q 0.96841  7.45083
  0.0320  0.0319  0.0319  0.0319  0.0319  0.0320  0.0320  0.0321  0.0319  0.0321  0.0318  0.0318
  0.0318  0.0317  0.0317  0.0318  0.0317  0.0318  0.0318  0.0318  0.0317  0.0318  0.0317  0.0317
  0.0317  0.0316  0.0316  0.0317  0.0316  0.0317  0.0316  0.0317  0.0316  0.0316  0.0316  0.0316
  0.0316  0.0316  0.0316  0.0316  0.0316  0.0316  0.0316  0.0316  0.0316  0.0316  0.0316  0.0316
  0.0317  0.0317  0.0316  0.0316  0.0317  0.0316  0.0316  0.0317  0.0316  0.0317  0.0316  0.0316
  0.0318  0.0318  0.0316  0.0317  0.0318  0.0317  0.0318  0.0319  0.0317  0.0319  0.0317  0.0317
  0.0321  0.0320  0.0317  0.0319  0.0319  0.0319  0.0319  0.0322  0.0319  0.0322  0.0318  0.0317
registration optimization eta report
parameter search radius
    0.8000    0.8000    0.8000    2.4000    2.4000    2.4000
    2.4000    2.4000    2.4000    2.4000    2.4000    2.4000
100000*second partial in parameter space
       66.       53.       29.        6.        5.        5.
        6.       10.        5.        9.        3.        3.
  0.0320  0.0319  0.0319  0.0319  0.0319  0.0320  0.0320  0.0321  0.0319  0.0321  0.0318  0.0318
  0.0318  0.0317  0.0317  0.0318  0.0317  0.0318  0.0318  0.0318  0.0317  0.0318  0.0317  0.0317
  0.0317  0.0316  0.0316  0.0317  0.0316  0.0317  0.0316  0.0317  0.0316  0.0316  0.0316  0.0316
  0.0316  0.0316  0.0316  0.0316  0.0316  0.0316  0.0316  0.0316  0.0316  0.0316  0.0316  0.0316
  0.0317  0.0317  0.0316  0.0316  0.0317  0.0316  0.0316  0.0317  0.0316  0.0317  0.0316  0.0316
  0.0318  0.0318  0.0316  0.0317  0.0318  0.0317  0.0318  0.0319  0.0317  0.0319  0.0317  0.0317
  0.0321  0.0320  0.0317  0.0319  0.0319  0.0319  0.0319  0.0322  0.0319  0.0322  0.0318  0.0317
   -0.0285   29.7218    6.3673  -15.9478  -18.5140   -7.1707
    0.2850   -4.1375   -1.2883   -1.2504    6.1155    0.9342
eta,q 0.96841  7.45083

---------------------------------------------------------------------
imgreg_4dfp /Applications/freesurfer/7.4.1/average/711-2C_as_mni_average_305 /Applications/freesurfer/7.4.1/average/711-2B_as_mni_average_305_mask talsrcimg_g11 none talsrcimg_to_711-2C_as_mni_average_305_t4 2311
---------------------------------------------------------------------

freesurfer imgreg_4dfp.c
/Applications/freesurfer/7.4.1/average/711-2C_as_mni_average_305.4dfp.img
       256       256       256         1
  1.000000  1.000000  1.000000
orientation T byte_order littleendian
Reading image: /Applications/freesurfer/7.4.1/average/711-2C_as_mni_average_305.4dfp.img
dimensions:      256       256       256
mmppix:       1.0000   -1.0000   -1.0000
center:     128.0000 -129.0000 -129.0000
/Applications/freesurfer/7.4.1/average/711-2B_as_mni_average_305_mask.4dfp.img
       256       256       256         1
  1.000000  1.000000  1.000000
orientation T byte_order littleendian
Reading mask: /Applications/freesurfer/7.4.1/average/711-2B_as_mni_average_305_mask.4dfp.img (2306576 pixels)
talsrcimg_g11.4dfp.img
       256       256       256         1
  1.000000  1.000000  1.000000
orientation T byte_order littleendian
Reading image: talsrcimg_g11.4dfp.img
dimensions:      256       256       256
mmppix:       1.0000   -1.0000   -1.0000
center:     128.0000 -129.0000 -129.0000
fimgreg.f
image alignment mode   2311 decimal      907 hex
parameters
   -0.0285   29.7218    6.3673  -15.9478  -18.5140   -7.1707
    0.2850   -4.1375   -1.2883   -1.2504    6.1155    0.9342
eta,q 0.96841  7.45083
niter,ni,del,rscale     5    3    5.0000    0.8000
parameters
   -0.0555   29.6920    6.4767  -16.1363  -18.6475   -7.8302
    0.2657   -4.1422   -1.2756   -1.4143    6.0029    0.9671
eta,q 0.96836  7.40584
  0.0332  0.0329  0.0324  0.0327  0.0327  0.0323  0.0330  0.0338  0.0327  0.0334  0.0322  0.0323
  0.0323  0.0322  0.0320  0.0321  0.0321  0.0321  0.0323  0.0327  0.0321  0.0324  0.0319  0.0319
  0.0318  0.0317  0.0317  0.0317  0.0317  0.0318  0.0318  0.0319  0.0318  0.0318  0.0317  0.0317
  0.0316  0.0316  0.0316  0.0316  0.0316  0.0316  0.0316  0.0316  0.0316  0.0316  0.0316  0.0316
  0.0318  0.0318  0.0316  0.0317  0.0317  0.0317  0.0318  0.0319  0.0318  0.0319  0.0317  0.0317
  0.0324  0.0322  0.0319  0.0322  0.0321  0.0322  0.0323  0.0327  0.0321  0.0326  0.0319  0.0319
  0.0333  0.0330  0.0322  0.0330  0.0328  0.0333  0.0330  0.0339  0.0327  0.0336  0.0323  0.0323
niter,ni,del,rscale     4    3    5.0000    0.7000
parameters
   -0.0559   29.6966    6.3427  -16.0626  -18.4729   -7.8502
    0.2674   -4.1143   -1.2420   -1.3763    6.0304    0.9509
eta,q 0.96836  7.41703
  0.0329  0.0327  0.0320  0.0326  0.0326  0.0323  0.0327  0.0334  0.0325  0.0331  0.0321  0.0321
  0.0322  0.0321  0.0318  0.0321  0.0321  0.0321  0.0321  0.0325  0.0320  0.0323  0.0319  0.0318
  0.0318  0.0318  0.0317  0.0318  0.0318  0.0318  0.0318  0.0318  0.0317  0.0318  0.0317  0.0317
  0.0316  0.0316  0.0316  0.0316  0.0316  0.0316  0.0316  0.0316  0.0316  0.0316  0.0316  0.0316
  0.0318  0.0318  0.0317  0.0317  0.0317  0.0316  0.0318  0.0318  0.0317  0.0318  0.0317  0.0317
  0.0322  0.0321  0.0319  0.0320  0.0320  0.0319  0.0321  0.0324  0.0320  0.0323  0.0318  0.0318
  0.0329  0.0327  0.0322  0.0326  0.0324  0.0325  0.0327  0.0333  0.0324  0.0331  0.0321  0.0321
niter,ni,del,rscale     3    3    5.0000    0.6000
parameters
   -0.0450   29.6973    6.3318  -16.0112  -18.4392   -7.5929
    0.2603   -4.1187   -1.2470   -1.3358    6.0539    0.9702
eta,q 0.96838  7.43254
  0.0326  0.0324  0.0320  0.0324  0.0323  0.0322  0.0324  0.0329  0.0322  0.0328  0.0320  0.0320
  0.0321  0.0320  0.0318  0.0320  0.0319  0.0320  0.0320  0.0322  0.0319  0.0321  0.0318  0.0318
  0.0317  0.0317  0.0317  0.0318  0.0317  0.0318  0.0317  0.0318  0.0317  0.0318  0.0317  0.0316
  0.0316  0.0316  0.0316  0.0316  0.0316  0.0316  0.0316  0.0316  0.0316  0.0316  0.0316  0.0316
  0.0317  0.0317  0.0317  0.0317  0.0317  0.0316  0.0317  0.0318  0.0317  0.0317  0.0316  0.0317
  0.0320  0.0320  0.0318  0.0319  0.0319  0.0318  0.0320  0.0322  0.0319  0.0321  0.0318  0.0318
  0.0325  0.0324  0.0320  0.0324  0.0323  0.0322  0.0324  0.0329  0.0322  0.0327  0.0320  0.0320
niter,ni,del,rscale     2    3    5.0000    0.5000
parameters
   -0.0495   29.6853    6.3799  -15.9725  -18.4851   -7.3161
    0.2832   -4.1399   -1.2716   -1.3333    6.0870    0.9988
eta,q 0.96840  7.44426
  0.0323  0.0321  0.0319  0.0321  0.0321  0.0321  0.0322  0.0325  0.0320  0.0324  0.0318  0.0319
  0.0319  0.0318  0.0317  0.0319  0.0318  0.0319  0.0319  0.0320  0.0318  0.0320  0.0317  0.0317
  0.0317  0.0317  0.0316  0.0317  0.0317  0.0317  0.0317  0.0317  0.0316  0.0317  0.0316  0.0316
  0.0316  0.0316  0.0316  0.0316  0.0316  0.0316  0.0316  0.0316  0.0316  0.0316  0.0316  0.0316
  0.0317  0.0317  0.0316  0.0317  0.0317  0.0316  0.0317  0.0317  0.0317  0.0317  0.0316  0.0316
  0.0319  0.0319  0.0317  0.0318  0.0318  0.0317  0.0318  0.0320  0.0318  0.0320  0.0317  0.0317
  0.0323  0.0321  0.0319  0.0321  0.0321  0.0320  0.0322  0.0325  0.0320  0.0324  0.0319  0.0318
niter,ni,del,rscale     1    3    5.0000    0.4000
parameters
   -0.0570   29.6714    6.4431  -15.9351  -18.5442   -7.0726
    0.3087   -4.1814   -1.3038   -1.3501    6.1063    1.0304
eta,q 0.96842  7.45379
  0.0320  0.0319  0.0318  0.0319  0.0319  0.0320  0.0320  0.0322  0.0319  0.0321  0.0317  0.0317
  0.0318  0.0317  0.0317  0.0318  0.0317  0.0318  0.0318  0.0318  0.0317  0.0318  0.0317  0.0317
  0.0316  0.0316  0.0316  0.0316  0.0316  0.0317  0.0316  0.0316  0.0316  0.0316  0.0316  0.0316
  0.0316  0.0316  0.0316  0.0316  0.0316  0.0316  0.0316  0.0316  0.0316  0.0316  0.0316  0.0316
  0.0317  0.0316  0.0316  0.0316  0.0316  0.0316  0.0316  0.0317  0.0316  0.0316  0.0316  0.0316
  0.0318  0.0318  0.0317  0.0317  0.0317  0.0317  0.0317  0.0319  0.0317  0.0318  0.0316  0.0316
  0.0320  0.0320  0.0317  0.0319  0.0319  0.0319  0.0319  0.0322  0.0319  0.0321  0.0318  0.0317
registration optimization eta report
parameter search radius
    0.8000    0.8000    0.8000    2.4000    2.4000    2.4000
    2.4000    2.4000    2.4000    2.4000    2.4000    2.4000
100000*second partial in parameter space
       65.       53.       28.        6.        5.        6.
        6.       10.        5.        9.        3.        3.
  0.0320  0.0319  0.0318  0.0319  0.0319  0.0320  0.0320  0.0322  0.0319  0.0321  0.0317  0.0317
  0.0318  0.0317  0.0317  0.0318  0.0317  0.0318  0.0318  0.0318  0.0317  0.0318  0.0317  0.0317
  0.0316  0.0316  0.0316  0.0316  0.0316  0.0317  0.0316  0.0316  0.0316  0.0316  0.0316  0.0316
  0.0316  0.0316  0.0316  0.0316  0.0316  0.0316  0.0316  0.0316  0.0316  0.0316  0.0316  0.0316
  0.0317  0.0316  0.0316  0.0316  0.0316  0.0316  0.0316  0.0317  0.0316  0.0316  0.0316  0.0316
  0.0318  0.0318  0.0317  0.0317  0.0317  0.0317  0.0317  0.0319  0.0317  0.0318  0.0316  0.0316
  0.0320  0.0320  0.0317  0.0319  0.0319  0.0319  0.0319  0.0322  0.0319  0.0321  0.0318  0.0317
   -0.0570   29.6714    6.4431  -15.9351  -18.5442   -7.0726
    0.3087   -4.1814   -1.3038   -1.3501    6.1063    1.0304
eta,q 0.96842  7.45379

---------------------------------------------------------------------
compute_vox2vox talsrcimg talsrcimg_to_711-2C_as_mni_average_305_t4 /Applications/freesurfer/7.4.1/average/711-2C_as_mni_average_305
---------------------------------------------------------------------

freesurfer compute_vox2vox.c
Reading: talsrcimg.4dfp.ifh
Reading: talsrcimg_to_711-2C_as_mni_average_305_t4
Reading: /Applications/freesurfer/7.4.1/average/711-2C_as_mni_average_305.4dfp.ifh
Writing: talsrcimg_to_711-2C_as_mni_average_305_t4_vox2vox.txt

start time Wed May 21 12:56:52 CEST 2025
end		time Wed May 21 12:57:34 CEST 2025

mpr2mni305 success

avi2talxfm orig_nu.mgz /Applications/freesurfer/7.4.1/average/mni305.cor.mgz talsrcimg_to_711-2C_as_mni_average_305_t4_vox2vox.txt transforms/talairach.auto.xfm
avi2talxfm done
mv -f /Users/martinnorgaard/Downloads/20M0157_MDD_COX1_COX2_BIDS/derivatives/freesurfer/sub-01/mri/talsrcimg_to_711-2C_as_mni_average_305_t4_vox2vox.txt /Users/martinnorgaard/Downloads/20M0157_MDD_COX1_COX2_BIDS/derivatives/freesurfer/sub-01/mri/transforms/talsrcimg_to_711-2C_as_mni_average_305_t4_vox2vox.txt
lta_convert --src orig_nu.mgz --trg /Applications/freesurfer/7.4.1/average/mni305.cor.mgz --inxfm transforms/talairach.auto.xfm --outlta transforms/talairach.auto.xfm.lta --subject fsaverage
7.4.1

--src: orig_nu.mgz src image (geometry).
--trg: /Applications/freesurfer/7.4.1/average/mni305.cor.mgz trg image (geometry).
--inmni: transforms/talairach.auto.xfm input MNI/XFM transform.
--outlta: transforms/talairach.auto.xfm.lta output LTA.
--s: fsaverage subject name
 LTA read, type : 1
 1.18561   0.05327  -0.00517   3.99971;
-0.07810   1.07240  -0.01327  -24.33269;
 0.01768   0.01863   1.22736  -30.58691;
 0.00000   0.00000   0.00000   1.00000;
setting subject to fsaverage
Writing  LTA to file transforms/talairach.auto.xfm.lta...
lta_convert successful.
 
 
Started at Wed May 21 12:56:50 CEST 2025
Ended   at Wed May 21 12:57:35 CEST 2025
talairach_avi done
