/Users/martinnorgaard/Downloads/20M0157_MDD_COX1_COX2_BIDS/derivatives/freesurfer/sub-01/mri
/Applications/freesurfer/7.4.1/bin/mri_nu_correct.mni
--i orig.mgz --o nu.mgz --uchar transforms/talairach.xfm --n 2 --ants-n4
nIters 2
FreeSurferEnv.csh 7.4.1
Darwin Martins-Mac-Studio.local 24.4.0 Darwin Kernel Version 24.4.0: Wed Mar 19 21:16:34 PDT 2025; root:xnu-11417.101.15~1/RELEASE_ARM64_T6000 x86_64
Wed May 21 12:57:39 CEST 2025
tmpdir is ./tmp.mri_nu_correct.mni.57885
cd /Users/martinnorgaard/Downloads/20M0157_MDD_COX1_COX2_BIDS/derivatives/freesurfer/sub-01/mri
AntsN4BiasFieldCorrectionFs -i orig.mgz -o ./tmp.mri_nu_correct.mni.57885/nu0.mgz --dtype uchar
AntsN4BiasFieldCorrectionFs done
mri_binarize --i ./tmp.mri_nu_correct.mni.57885/nu0.mgz --min -1 --o ./tmp.mri_nu_correct.mni.57885/ones.mgz

7.4.1
cwd /Users/martinnorgaard/Downloads/20M0157_MDD_COX1_COX2_BIDS/derivatives/freesurfer/sub-01/mri
cmdline mri_binarize --i ./tmp.mri_nu_correct.mni.57885/nu0.mgz --min -1 --o ./tmp.mri_nu_correct.mni.57885/ones.mgz 
sysname  Darwin
hostname Martins-Mac-Studio.local
machine  x86_64
user     martinnorgaard

input      ./tmp.mri_nu_correct.mni.57885/nu0.mgz
frame      0
nErode3d   0
nErode2d   0
output     ./tmp.mri_nu_correct.mni.57885/ones.mgz
Binarizing based on threshold
min        -1
max        +infinity
binval        1
binvalnot     0
fstart = 0, fend = 0, nframes = 1
Found 16777216 values in range
Counting number of voxels in first frame
Found 16777215 voxels in final mask
Writing output to ./tmp.mri_nu_correct.mni.57885/ones.mgz
Count: 16777215 16777215.000000 16777216 99.999994
mri_binarize done
mri_segstats --id 1 --seg ./tmp.mri_nu_correct.mni.57885/ones.mgz --i orig.mgz --sum ./tmp.mri_nu_correct.mni.57885/sum.junk --avgwf ./tmp.mri_nu_correct.mni.57885/input.mean.dat

7.4.1
cwd 
cmdline mri_segstats --id 1 --seg ./tmp.mri_nu_correct.mni.57885/ones.mgz --i orig.mgz --sum ./tmp.mri_nu_correct.mni.57885/sum.junk --avgwf ./tmp.mri_nu_correct.mni.57885/input.mean.dat 
sysname  Darwin
hostname Martins-Mac-Studio.local
machine  x86_64
user     martinnorgaard
whitesurfname  white
UseRobust  0
Loading ./tmp.mri_nu_correct.mni.57885/ones.mgz
Loading orig.mgz
Voxel Volume is 1 mm^3
Generating list of segmentation ids
Found   1 segmentations
Computing statistics for each segmentation

Reporting on   1 segmentations
Using PrintSegStat
Computing spatial average of each frame

Writing to ./tmp.mri_nu_correct.mni.57885/input.mean.dat
mri_segstats done
mri_segstats --id 1 --seg ./tmp.mri_nu_correct.mni.57885/ones.mgz --i ./tmp.mri_nu_correct.mni.57885/nu0.mgz --sum ./tmp.mri_nu_correct.mni.57885/sum.junk --avgwf ./tmp.mri_nu_correct.mni.57885/output.mean.dat

7.4.1
cwd 
cmdline mri_segstats --id 1 --seg ./tmp.mri_nu_correct.mni.57885/ones.mgz --i ./tmp.mri_nu_correct.mni.57885/nu0.mgz --sum ./tmp.mri_nu_correct.mni.57885/sum.junk --avgwf ./tmp.mri_nu_correct.mni.57885/output.mean.dat 
sysname  Darwin
hostname Martins-Mac-Studio.local
machine  x86_64
user     martinnorgaard
whitesurfname  white
UseRobust  0
Loading ./tmp.mri_nu_correct.mni.57885/ones.mgz
Loading ./tmp.mri_nu_correct.mni.57885/nu0.mgz
Voxel Volume is 1 mm^3
Generating list of segmentation ids
Found   1 segmentations
Computing statistics for each segmentation

Reporting on   1 segmentations
Using PrintSegStat
Computing spatial average of each frame

Writing to ./tmp.mri_nu_correct.mni.57885/output.mean.dat
mri_segstats done
mris_calc -o ./tmp.mri_nu_correct.mni.57885/nu0.mgz ./tmp.mri_nu_correct.mni.57885/nu0.mgz mul 1.01794021619609899683
mri_convert ./tmp.mri_nu_correct.mni.57885/nu0.mgz nu.mgz --like orig.mgz
mri_convert ./tmp.mri_nu_correct.mni.57885/nu0.mgz nu.mgz --like orig.mgz 
reading from ./tmp.mri_nu_correct.mni.57885/nu0.mgz...
TR=1000.00, TE=0.00, TI=0.00, flip angle=0.00
i_ras = (-1, -2.79397e-09, -1.86265e-09)
j_ras = (1.86265e-09, 0, -1)
k_ras = (0, 1, 0)
INFO: transform src into the like-volume: orig.mgz
writing to nu.mgz...
mri_make_uchar nu.mgz transforms/talairach.xfm nu.mgz
type change took 0 minutes and 7 seconds.
FIRST_PERCENTILE 0.010000
WM_PERCENTILE    0.900000
MAX_R 50.000000
i1 = 4, i2 = 71
#mri_make_uchar# mapping 10 180 to  3 110  :  b -3.86493 m 0.632547 : thresh 6.1101 maxsat 409.242 : nzero 12369636 nsat 0
 
 
Wed May 21 13:00:28 CEST 2025
mri_nu_correct.mni done
